<?xml version="1.0" encoding="UTF-8"?>
<!-- Generated by org.testng.reporters.JUnitReportReporter -->
<testsuite hostname="DESKTOP-F0URKIS" failures="0" tests="4" name="com.romanceabroad.ui.ContactUsTests" time="632.720" errors="1" timestamp="21 Jan 2021 21:49:26 GMT" skipped="3">
  <testcase classname="com.romanceabroad.ui.ContactUsTests" name="setup" time="618.182">
    <error message="session not created
from timeout: Timed out receiving message from renderer: 600.000
  (Session info: chrome=87.0.4280.141)
Build info: version: &#039;3.141.59&#039;, revision: &#039;e82be7d358&#039;, time: &#039;2018-11-14T08:17:03&#039;
System info: host: &#039;DESKTOP-F0URKIS&#039;, ip: &#039;192.168.56.1&#039;, os.name: &#039;Windows 10&#039;, os.arch: &#039;amd64&#039;, os.version: &#039;10.0&#039;, java.version: &#039;11.0.8&#039;
Driver info: driver.version: ChromeDriver
remote stacktrace: Backtrace:
	Ordinal0 [0x0076ECE3+3337443]
	Ordinal0 [0x0064F041+2158657]
	Ordinal0 [0x004D6FA8+618408]
	Ordinal0 [0x004CAE8F+568975]
	Ordinal0 [0x004CA131+565553]
	Ordinal0 [0x004CA525+566565]
	Ordinal0 [0x004C9E45+564805]
	Ordinal0 [0x004D35C1+603585]
	Ordinal0 [0x004C9E01+564737]
	Ordinal0 [0x004CABB2+568242]
	Ordinal0 [0x004CA131+565553]
	Ordinal0 [0x004CA525+566565]
	Ordinal0 [0x004C9E45+564805]
	Ordinal0 [0x004D1A3C+596540]
	Ordinal0 [0x004C9E01+564737]
	Ordinal0 [0x004CABB2+568242]
	Ordinal0 [0x004CA131+565553]
	Ordinal0 [0x004CA525+566565]
	Ordinal0 [0x004C9E45+564805]
	Ordinal0 [0x004CFB72+588658]
	Ordinal0 [0x004C9E01+564737]
	Ordinal0 [0x004CABB2+568242]
	Ordinal0 [0x004CA131+565553]
	Ordinal0 [0x004CA525+566565]
	Ordinal0 [0x004C9E45+564805]
	Ordinal0 [0x004CED85+585093]
	Ordinal0 [0x004C9E01+564737]
	Ordinal0 [0x004CABB2+568242]
	Ordinal0 [0x004CA131+565553]
	Ordinal0 [0x004CA525+566565]
	Ordinal0 [0x004C9E45+564805]
	Ordinal0 [0x004C6486+550022]
	Ordinal0 [0x004C9E01+564737]
	Ordinal0 [0x004C9C23+564259]
	Ordinal0 [0x004C9A17+563735]
	Ordinal0 [0x004D7FD0+622544]
	Ordinal0 [0x00476B2D+224045]
	Ordinal0 [0x00475BFC+220156]
	Ordinal0 [0x0047181B+202779]
	Ordinal0 [0x00453D74+81268]
	Ordinal0 [0x00454D6E+85358]
	Ordinal0 [0x00454CF9+85241]
	Ordinal0 [0x00666F2C+2256684]
	GetHandleVerifier [0x008F2FAC+1478332]
	GetHandleVerifier [0x008F2AFD+1477133]
	GetHandleVerifier [0x008FAAD8+1509864]
	GetHandleVerifier [0x008F369E+1480110]
	Ordinal0 [0x0065D6BD+2217661]
	Ordinal0 [0x006689AB+2263467]
	Ordinal0 [0x00668AEF+2263791]
	Ordinal0 [0x0067D363+2347875]
	BaseThreadInitThunk [0x75BE6359+25]
	RtlGetAppContainerNamedObjectPath [0x77888944+228]
	RtlGetAppContainerNamedObjectPath [0x77888914+180]
" type="org.openqa.selenium.SessionNotCreatedException">
      <![CDATA[org.openqa.selenium.SessionNotCreatedException: session not created
from timeout: Timed out receiving message from renderer: 600.000
  (Session info: chrome=87.0.4280.141)
Build info: version: '3.141.59', revision: 'e82be7d358', time: '2018-11-14T08:17:03'
System info: host: 'DESKTOP-F0URKIS', ip: '192.168.56.1', os.name: 'Windows 10', os.arch: 'amd64', os.version: '10.0', java.version: '11.0.8'
Driver info: driver.version: ChromeDriver
remote stacktrace: Backtrace:
Ordinal0 [0x0076ECE3+3337443]
Ordinal0 [0x0064F041+2158657]
Ordinal0 [0x004D6FA8+618408]
Ordinal0 [0x004CAE8F+568975]
Ordinal0 [0x004CA131+565553]
Ordinal0 [0x004CA525+566565]
Ordinal0 [0x004C9E45+564805]
Ordinal0 [0x004D35C1+603585]
Ordinal0 [0x004C9E01+564737]
Ordinal0 [0x004CABB2+568242]
Ordinal0 [0x004CA131+565553]
Ordinal0 [0x004CA525+566565]
Ordinal0 [0x004C9E45+564805]
Ordinal0 [0x004D1A3C+596540]
Ordinal0 [0x004C9E01+564737]
Ordinal0 [0x004CABB2+568242]
Ordinal0 [0x004CA131+565553]
Ordinal0 [0x004CA525+566565]
Ordinal0 [0x004C9E45+564805]
Ordinal0 [0x004CFB72+588658]
Ordinal0 [0x004C9E01+564737]
Ordinal0 [0x004CABB2+568242]
Ordinal0 [0x004CA131+565553]
Ordinal0 [0x004CA525+566565]
Ordinal0 [0x004C9E45+564805]
Ordinal0 [0x004CED85+585093]
Ordinal0 [0x004C9E01+564737]
Ordinal0 [0x004CABB2+568242]
Ordinal0 [0x004CA131+565553]
Ordinal0 [0x004CA525+566565]
Ordinal0 [0x004C9E45+564805]
Ordinal0 [0x004C6486+550022]
Ordinal0 [0x004C9E01+564737]
Ordinal0 [0x004C9C23+564259]
Ordinal0 [0x004C9A17+563735]
Ordinal0 [0x004D7FD0+622544]
Ordinal0 [0x00476B2D+224045]
Ordinal0 [0x00475BFC+220156]
Ordinal0 [0x0047181B+202779]
Ordinal0 [0x00453D74+81268]
Ordinal0 [0x00454D6E+85358]
Ordinal0 [0x00454CF9+85241]
Ordinal0 [0x00666F2C+2256684]
GetHandleVerifier [0x008F2FAC+1478332]
GetHandleVerifier [0x008F2AFD+1477133]
GetHandleVerifier [0x008FAAD8+1509864]
GetHandleVerifier [0x008F369E+1480110]
Ordinal0 [0x0065D6BD+2217661]
Ordinal0 [0x006689AB+2263467]
Ordinal0 [0x00668AEF+2263791]
Ordinal0 [0x0067D363+2347875]
BaseThreadInitThunk [0x75BE6359+25]
RtlGetAppContainerNamedObjectPath [0x77888944+228]
RtlGetAppContainerNamedObjectPath [0x77888914+180]

at java.base/jdk.internal.reflect.NativeConstructorAccessorImpl.newInstance0(Native Method)
at java.base/jdk.internal.reflect.NativeConstructorAccessorImpl.newInstance(NativeConstructorAccessorImpl.java:62)
at java.base/jdk.internal.reflect.DelegatingConstructorAccessorImpl.newInstance(DelegatingConstructorAccessorImpl.java:45)
at java.base/java.lang.reflect.Constructor.newInstance(Constructor.java:490)
at org.openqa.selenium.remote.W3CHandshakeResponse.lambda$errorHandler$0(W3CHandshakeResponse.java:62)
at org.openqa.selenium.remote.HandshakeResponse.lambda$getResponseFunction$0(HandshakeResponse.java:30)
at org.openqa.selenium.remote.ProtocolHandshake.lambda$createSession$0(ProtocolHandshake.java:126)
at java.base/java.util.stream.ReferencePipeline$3$1.accept(ReferencePipeline.java:195)
at java.base/java.util.Spliterators$ArraySpliterator.tryAdvance(Spliterators.java:958)
at java.base/java.util.stream.ReferencePipeline.forEachWithCancel(ReferencePipeline.java:127)
at java.base/java.util.stream.AbstractPipeline.copyIntoWithCancel(AbstractPipeline.java:502)
at java.base/java.util.stream.AbstractPipeline.copyInto(AbstractPipeline.java:488)
at java.base/java.util.stream.AbstractPipeline.wrapAndCopyInto(AbstractPipeline.java:474)
at java.base/java.util.stream.FindOps$FindOp.evaluateSequential(FindOps.java:150)
at java.base/java.util.stream.AbstractPipeline.evaluate(AbstractPipeline.java:234)
at java.base/java.util.stream.ReferencePipeline.findFirst(ReferencePipeline.java:543)
at org.openqa.selenium.remote.ProtocolHandshake.createSession(ProtocolHandshake.java:128)
at org.openqa.selenium.remote.ProtocolHandshake.createSession(ProtocolHandshake.java:74)
at org.openqa.selenium.remote.HttpCommandExecutor.execute(HttpCommandExecutor.java:136)
at org.openqa.selenium.remote.service.DriverCommandExecutor.execute(DriverCommandExecutor.java:83)
at org.openqa.selenium.remote.RemoteWebDriver.execute(RemoteWebDriver.java:552)
at org.openqa.selenium.remote.RemoteWebDriver.startSession(RemoteWebDriver.java:213)
at org.openqa.selenium.remote.RemoteWebDriver.<init>(RemoteWebDriver.java:131)
at org.openqa.selenium.chrome.ChromeDriver.<init>(ChromeDriver.java:181)
at org.openqa.selenium.chrome.ChromeDriver.<init>(ChromeDriver.java:168)
at org.openqa.selenium.chrome.ChromeDriver.<init>(ChromeDriver.java:123)
at com.romanceabroad.ui.BaseUI.setup(BaseUI.java:43)
at java.base/jdk.internal.reflect.NativeMethodAccessorImpl.invoke0(Native Method)
at java.base/jdk.internal.reflect.NativeMethodAccessorImpl.invoke(NativeMethodAccessorImpl.java:62)
at java.base/jdk.internal.reflect.DelegatingMethodAccessorImpl.invoke(DelegatingMethodAccessorImpl.java:43)
at java.base/java.lang.reflect.Method.invoke(Method.java:566)
at org.testng.internal.MethodInvocationHelper.invokeMethod(MethodInvocationHelper.java:124)
at org.testng.internal.MethodInvocationHelper.invokeMethodConsideringTimeout(MethodInvocationHelper.java:59)
at org.testng.internal.Invoker.invokeConfigurationMethod(Invoker.java:458)
at org.testng.internal.Invoker.invokeConfigurations(Invoker.java:222)
at org.testng.internal.Invoker.invokeMethod(Invoker.java:523)
at org.testng.internal.Invoker.invokeTestMethod(Invoker.java:719)
at org.testng.internal.Invoker.invokeTestMethods(Invoker.java:989)
at org.testng.internal.TestMethodWorker.invokeTestMethods(TestMethodWorker.java:125)
at org.testng.internal.TestMethodWorker.run(TestMethodWorker.java:109)
at org.testng.TestRunner.privateRun(TestRunner.java:648)
at org.testng.TestRunner.run(TestRunner.java:505)
at org.testng.SuiteRunner.runTest(SuiteRunner.java:455)
at org.testng.SuiteRunner.runSequentially(SuiteRunner.java:450)
at org.testng.SuiteRunner.privateRun(SuiteRunner.java:415)
at org.testng.SuiteRunner.run(SuiteRunner.java:364)
at org.testng.SuiteRunnerWorker.runSuite(SuiteRunnerWorker.java:52)
at org.testng.SuiteRunnerWorker.run(SuiteRunnerWorker.java:84)
at org.testng.TestNG.runSuitesSequentially(TestNG.java:1208)
at org.testng.TestNG.runSuitesLocally(TestNG.java:1137)
at org.testng.TestNG.runSuites(TestNG.java:1049)
at org.testng.TestNG.run(TestNG.java:1017)
at org.apache.maven.surefire.testng.TestNGExecutor.run(TestNGExecutor.java:283)
at org.apache.maven.surefire.testng.TestNGXmlTestSuite.execute(TestNGXmlTestSuite.java:75)
at org.apache.maven.surefire.testng.TestNGProvider.invoke(TestNGProvider.java:120)
at org.apache.maven.surefire.booter.ForkedBooter.invokeProviderInSameClassLoader(ForkedBooter.java:384)
at org.apache.maven.surefire.booter.ForkedBooter.runSuitesInProcess(ForkedBooter.java:345)
at org.apache.maven.surefire.booter.ForkedBooter.execute(ForkedBooter.java:126)
at org.apache.maven.surefire.booter.ForkedBooter.main(ForkedBooter.java:418)
]]>
    </error>
  </testcase> <!-- setup -->
  <testcase classname="com.romanceabroad.ui.ContactUsTests" name="testContactUs" time="14.538">
    <skipped/>
  </testcase> <!-- testContactUs -->
  <testcase classname="com.romanceabroad.ui.ContactUsTests" name="testContactUs" time="0.000">
    <skipped/>
  </testcase> <!-- testContactUs -->
  <testcase classname="com.romanceabroad.ui.ContactUsTests" name="testContactUs" time="0.000">
    <skipped/>
  </testcase> <!-- testContactUs -->
</testsuite> <!-- com.romanceabroad.ui.ContactUsTests -->
