<html>
<head>
<title>TestNG:  Chrome Tests Cases</title>
<link href="../testng.css" rel="stylesheet" type="text/css" />
<link href="../my-testng.css" rel="stylesheet" type="text/css" />

<style type="text/css">
.log { display: none;} 
.stack-trace { display: none;} 
</style>
<script type="text/javascript">
<!--
function flip(e) {
  current = e.style.display;
  if (current == 'block') {
    e.style.display = 'none';
    return 0;
  }
  else {
    e.style.display = 'block';
    return 1;
  }
}

function toggleBox(szDivId, elem, msg1, msg2)
{
  var res = -1;  if (document.getElementById) {
    res = flip(document.getElementById(szDivId));
  }
  else if (document.all) {
    // this is the way old msie versions work
    res = flip(document.all[szDivId]);
  }
  if(elem) {
    if(res == 0) elem.innerHTML = msg1; else elem.innerHTML = msg2;
  }

}

function toggleAllBoxes() {
  if (document.getElementsByTagName) {
    d = document.getElementsByTagName('div');
    for (i = 0; i < d.length; i++) {
      if (d[i].className == 'log') {
        flip(d[i]);
      }
    }
  }
}

// -->
</script>

</head>
<body>
<h2 align='center'>Chrome Tests Cases</h2><table border='1' align="center">
<tr>
<td>Tests passed/Failed/Skipped:</td><td>11/0/1</td>
</tr><tr>
<td>Started on:</td><td>Wed Jan 20 13:19:29 EST 2021</td>
</tr>
<tr><td>Total time:</td><td>917 seconds (917081 ms)</td>
</tr><tr>
<td>Included groups:</td><td></td>
</tr><tr>
<td>Excluded groups:</td><td></td>
</tr>
</table><p/>
<small><i>(Hover the method name to see the test class name)</i></small><p/>
<table width='100%' border='1' class='invocation-failed'>
<tr><td colspan='4' align='center'><b>FAILED CONFIGURATIONS</b></td></tr>
<tr><td><b>Test method</b></td>
<td width="30%"><b>Exception</b></td>
<td width="10%"><b>Time (seconds)</b></td>
<td><b>Instance</b></td>
</tr>
<tr>
<td title='com.romanceabroad.ui.UserProfileTests.setup()'><b>setup</b><br>Test class: com.romanceabroad.ui.UserProfileTests<br>Parameters: chrome, public void com.romanceabroad.ui.UserProfileTests.testUserProfile()</td>
<td><div><pre>org.openqa.selenium.SessionNotCreatedException: session not created
from timeout: Timed out receiving message from renderer: 600.000
  (Session info: chrome=87.0.4280.141)
Build info: version: &apos;3.141.59&apos;, revision: &apos;e82be7d358&apos;, time: &apos;2018-11-14T08:17:03&apos;
System info: host: &apos;DESKTOP-F0URKIS&apos;, ip: &apos;192.168.56.1&apos;, os.name: &apos;Windows 10&apos;, os.arch: &apos;amd64&apos;, os.version: &apos;10.0&apos;, java.version: &apos;11.0.8&apos;
Driver info: driver.version: ChromeDriver
remote stacktrace: Backtrace:
	Ordinal0 [0x00A3ECE3+3337443]
	Ordinal0 [0x0091F041+2158657]
	Ordinal0 [0x007A6FA8+618408]
	Ordinal0 [0x0079AE8F+568975]
	Ordinal0 [0x0079A131+565553]
	Ordinal0 [0x0079A525+566565]
	Ordinal0 [0x00799E45+564805]
	Ordinal0 [0x007A35C1+603585]
	Ordinal0 [0x00799E01+564737]
	Ordinal0 [0x0079ABB2+568242]
	Ordinal0 [0x0079A131+565553]
	Ordinal0 [0x0079A525+566565]
	Ordinal0 [0x00799E45+564805]
	Ordinal0 [0x007A1A3C+596540]
	Ordinal0 [0x00799E01+564737]
	Ordinal0 [0x0079ABB2+568242]
	Ordinal0 [0x0079A131+565553]
	Ordinal0 [0x0079A525+566565]
	Ordinal0 [0x00799E45+564805]
	Ordinal0 [0x0079FB72+588658]
	Ordinal0 [0x00799E01+564737]
	Ordinal0 [0x0079ABB2+568242]
	Ordinal0 [0x0079A131+565553]
	Ordinal0 [0x0079A525+566565]
	Ordinal0 [0x00799E45+564805]
	Ordinal0 [0x0079ED85+585093]
	Ordinal0 [0x00799E01+564737]
	Ordinal0 [0x0079ABB2+568242]
	Ordinal0 [0x0079A131+565553]
	Ordinal0 [0x0079A525+566565]
	Ordinal0 [0x00799E45+564805]
	Ordinal0 [0x00796486+550022]
	Ordinal0 [0x00799E01+564737]
	Ordinal0 [0x00799C23+564259]
	Ordinal0 [0x00799A17+563735]
	Ordinal0 [0x007A7FD0+622544]
	Ordinal0 [0x00746B2D+224045]
	Ordinal0 [0x00745BFC+220156]
	Ordinal0 [0x0074181B+202779]
	Ordinal0 [0x00723D74+81268]
	Ordinal0 [0x00724D6E+85358]
	Ordinal0 [0x00724CF9+85241]
	Ordinal0 [0x00936F2C+2256684]
	GetHandleVerifier [0x00BC2FAC+1478332]
	GetHandleVerifier [0x00BC2AFD+1477133]
	GetHandleVerifier [0x00BCAAD8+1509864]
	GetHandleVerifier [0x00BC369E+1480110]
	Ordinal0 [0x0092D6BD+2217661]
	Ordinal0 [0x009389AB+2263467]
	Ordinal0 [0x00938AEF+2263791]
	Ordinal0 [0x0094D363+2347875]
	BaseThreadInitThunk [0x756C6359+25]
	RtlGetAppContainerNamedObjectPath [0x76F98944+228]
	RtlGetAppContainerNamedObjectPath [0x76F98914+180]

	at org.openqa.selenium.remote.W3CHandshakeResponse.lambda$errorHandler$0(W3CHandshakeResponse.java:62)
	at org.openqa.selenium.remote.HandshakeResponse.lambda$getResponseFunction$0(HandshakeResponse.java:30)
	at org.openqa.selenium.remote.ProtocolHandshake.lambda$createSession$0(ProtocolHandshake.java:126)
	at java.base/java.util.stream.ReferencePipeline$3$1.accept(ReferencePipeline.java:195)
	at java.base/java.util.Spliterators$ArraySpliterator.tryAdvance(Spliterators.java:958)
	at java.base/java.util.stream.ReferencePipeline.forEachWithCancel(ReferencePipeline.java:127)
	at java.base/java.util.stream.AbstractPipeline.copyIntoWithCancel(AbstractPipeline.java:502)
	at java.base/java.util.stream.AbstractPipeline.copyInto(AbstractPipeline.java:488)
	at java.base/java.util.stream.AbstractPipeline.wrapAndCopyInto(AbstractPipeline.java:474)
	at java.base/java.util.stream.FindOps$FindOp.evaluateSequential(FindOps.java:150)
	at java.base/java.util.stream.AbstractPipeline.evaluate(AbstractPipeline.java:234)
	at java.base/java.util.stream.ReferencePipeline.findFirst(ReferencePipeline.java:543)
	at org.openqa.selenium.remote.ProtocolHandshake.createSession(ProtocolHandshake.java:128)
	at org.openqa.selenium.remote.ProtocolHandshake.createSession(ProtocolHandshake.java:74)
	at org.openqa.selenium.remote.HttpCommandExecutor.execute(HttpCommandExecutor.java:136)
	at org.openqa.selenium.remote.service.DriverCommandExecutor.execute(DriverCommandExecutor.java:83)
	at org.openqa.selenium.remote.RemoteWebDriver.execute(RemoteWebDriver.java:552)
	at org.openqa.selenium.remote.RemoteWebDriver.startSession(RemoteWebDriver.java:213)
	at org.openqa.selenium.remote.RemoteWebDriver.&lt;init&gt;(RemoteWebDriver.java:131)
	at org.openqa.selenium.chrome.ChromeDriver.&lt;init&gt;(ChromeDriver.java:181)
	at org.openqa.selenium.chrome.ChromeDriver.&lt;init&gt;(ChromeDriver.java:168)
	at org.openqa.selenium.chrome.ChromeDriver.&lt;init&gt;(ChromeDriver.java:123)
	at com.romanceabroad.ui.BaseUI.setup(BaseUI.java:43)
... Removed 36 stack frames</pre></div><a href='#' onClick='toggleBox("stack-trace53672476", this, "Click to show all stack frames", "Click to hide stack frames")'>Click to show all stack frames</a>
<div class='stack-trace' id='stack-trace53672476'><pre>org.openqa.selenium.SessionNotCreatedException: session not created
from timeout: Timed out receiving message from renderer: 600.000
  (Session info: chrome=87.0.4280.141)
Build info: version: &apos;3.141.59&apos;, revision: &apos;e82be7d358&apos;, time: &apos;2018-11-14T08:17:03&apos;
System info: host: &apos;DESKTOP-F0URKIS&apos;, ip: &apos;192.168.56.1&apos;, os.name: &apos;Windows 10&apos;, os.arch: &apos;amd64&apos;, os.version: &apos;10.0&apos;, java.version: &apos;11.0.8&apos;
Driver info: driver.version: ChromeDriver
remote stacktrace: Backtrace:
	Ordinal0 [0x00A3ECE3+3337443]
	Ordinal0 [0x0091F041+2158657]
	Ordinal0 [0x007A6FA8+618408]
	Ordinal0 [0x0079AE8F+568975]
	Ordinal0 [0x0079A131+565553]
	Ordinal0 [0x0079A525+566565]
	Ordinal0 [0x00799E45+564805]
	Ordinal0 [0x007A35C1+603585]
	Ordinal0 [0x00799E01+564737]
	Ordinal0 [0x0079ABB2+568242]
	Ordinal0 [0x0079A131+565553]
	Ordinal0 [0x0079A525+566565]
	Ordinal0 [0x00799E45+564805]
	Ordinal0 [0x007A1A3C+596540]
	Ordinal0 [0x00799E01+564737]
	Ordinal0 [0x0079ABB2+568242]
	Ordinal0 [0x0079A131+565553]
	Ordinal0 [0x0079A525+566565]
	Ordinal0 [0x00799E45+564805]
	Ordinal0 [0x0079FB72+588658]
	Ordinal0 [0x00799E01+564737]
	Ordinal0 [0x0079ABB2+568242]
	Ordinal0 [0x0079A131+565553]
	Ordinal0 [0x0079A525+566565]
	Ordinal0 [0x00799E45+564805]
	Ordinal0 [0x0079ED85+585093]
	Ordinal0 [0x00799E01+564737]
	Ordinal0 [0x0079ABB2+568242]
	Ordinal0 [0x0079A131+565553]
	Ordinal0 [0x0079A525+566565]
	Ordinal0 [0x00799E45+564805]
	Ordinal0 [0x00796486+550022]
	Ordinal0 [0x00799E01+564737]
	Ordinal0 [0x00799C23+564259]
	Ordinal0 [0x00799A17+563735]
	Ordinal0 [0x007A7FD0+622544]
	Ordinal0 [0x00746B2D+224045]
	Ordinal0 [0x00745BFC+220156]
	Ordinal0 [0x0074181B+202779]
	Ordinal0 [0x00723D74+81268]
	Ordinal0 [0x00724D6E+85358]
	Ordinal0 [0x00724CF9+85241]
	Ordinal0 [0x00936F2C+2256684]
	GetHandleVerifier [0x00BC2FAC+1478332]
	GetHandleVerifier [0x00BC2AFD+1477133]
	GetHandleVerifier [0x00BCAAD8+1509864]
	GetHandleVerifier [0x00BC369E+1480110]
	Ordinal0 [0x0092D6BD+2217661]
	Ordinal0 [0x009389AB+2263467]
	Ordinal0 [0x00938AEF+2263791]
	Ordinal0 [0x0094D363+2347875]
	BaseThreadInitThunk [0x756C6359+25]
	RtlGetAppContainerNamedObjectPath [0x76F98944+228]
	RtlGetAppContainerNamedObjectPath [0x76F98914+180]

	at java.base/jdk.internal.reflect.NativeConstructorAccessorImpl.newInstance0(Native Method)
	at java.base/jdk.internal.reflect.NativeConstructorAccessorImpl.newInstance(NativeConstructorAccessorImpl.java:62)
	at java.base/jdk.internal.reflect.DelegatingConstructorAccessorImpl.newInstance(DelegatingConstructorAccessorImpl.java:45)
	at java.base/java.lang.reflect.Constructor.newInstance(Constructor.java:490)
	at org.openqa.selenium.remote.W3CHandshakeResponse.lambda$errorHandler$0(W3CHandshakeResponse.java:62)
	at org.openqa.selenium.remote.HandshakeResponse.lambda$getResponseFunction$0(HandshakeResponse.java:30)
	at org.openqa.selenium.remote.ProtocolHandshake.lambda$createSession$0(ProtocolHandshake.java:126)
	at java.base/java.util.stream.ReferencePipeline$3$1.accept(ReferencePipeline.java:195)
	at java.base/java.util.Spliterators$ArraySpliterator.tryAdvance(Spliterators.java:958)
	at java.base/java.util.stream.ReferencePipeline.forEachWithCancel(ReferencePipeline.java:127)
	at java.base/java.util.stream.AbstractPipeline.copyIntoWithCancel(AbstractPipeline.java:502)
	at java.base/java.util.stream.AbstractPipeline.copyInto(AbstractPipeline.java:488)
	at java.base/java.util.stream.AbstractPipeline.wrapAndCopyInto(AbstractPipeline.java:474)
	at java.base/java.util.stream.FindOps$FindOp.evaluateSequential(FindOps.java:150)
	at java.base/java.util.stream.AbstractPipeline.evaluate(AbstractPipeline.java:234)
	at java.base/java.util.stream.ReferencePipeline.findFirst(ReferencePipeline.java:543)
	at org.openqa.selenium.remote.ProtocolHandshake.createSession(ProtocolHandshake.java:128)
	at org.openqa.selenium.remote.ProtocolHandshake.createSession(ProtocolHandshake.java:74)
	at org.openqa.selenium.remote.HttpCommandExecutor.execute(HttpCommandExecutor.java:136)
	at org.openqa.selenium.remote.service.DriverCommandExecutor.execute(DriverCommandExecutor.java:83)
	at org.openqa.selenium.remote.RemoteWebDriver.execute(RemoteWebDriver.java:552)
	at org.openqa.selenium.remote.RemoteWebDriver.startSession(RemoteWebDriver.java:213)
	at org.openqa.selenium.remote.RemoteWebDriver.&lt;init&gt;(RemoteWebDriver.java:131)
	at org.openqa.selenium.chrome.ChromeDriver.&lt;init&gt;(ChromeDriver.java:181)
	at org.openqa.selenium.chrome.ChromeDriver.&lt;init&gt;(ChromeDriver.java:168)
	at org.openqa.selenium.chrome.ChromeDriver.&lt;init&gt;(ChromeDriver.java:123)
	at com.romanceabroad.ui.BaseUI.setup(BaseUI.java:43)
	at java.base/jdk.internal.reflect.NativeMethodAccessorImpl.invoke0(Native Method)
	at java.base/jdk.internal.reflect.NativeMethodAccessorImpl.invoke(NativeMethodAccessorImpl.java:62)
	at java.base/jdk.internal.reflect.DelegatingMethodAccessorImpl.invoke(DelegatingMethodAccessorImpl.java:43)
	at java.base/java.lang.reflect.Method.invoke(Method.java:566)
	at org.testng.internal.MethodInvocationHelper.invokeMethod(MethodInvocationHelper.java:124)
	at org.testng.internal.MethodInvocationHelper.invokeMethodConsideringTimeout(MethodInvocationHelper.java:59)
	at org.testng.internal.Invoker.invokeConfigurationMethod(Invoker.java:458)
	at org.testng.internal.Invoker.invokeConfigurations(Invoker.java:222)
	at org.testng.internal.Invoker.invokeMethod(Invoker.java:523)
	at org.testng.internal.Invoker.invokeTestMethod(Invoker.java:719)
	at org.testng.internal.Invoker.invokeTestMethods(Invoker.java:989)
	at org.testng.internal.TestMethodWorker.invokeTestMethods(TestMethodWorker.java:125)
	at org.testng.internal.TestMethodWorker.run(TestMethodWorker.java:109)
	at org.testng.TestRunner.privateRun(TestRunner.java:648)
	at org.testng.TestRunner.run(TestRunner.java:505)
	at org.testng.SuiteRunner.runTest(SuiteRunner.java:455)
	at org.testng.SuiteRunner.runSequentially(SuiteRunner.java:450)
	at org.testng.SuiteRunner.privateRun(SuiteRunner.java:415)
	at org.testng.SuiteRunner.run(SuiteRunner.java:364)
	at org.testng.SuiteRunnerWorker.runSuite(SuiteRunnerWorker.java:52)
	at org.testng.SuiteRunnerWorker.run(SuiteRunnerWorker.java:84)
	at org.testng.TestNG.runSuitesSequentially(TestNG.java:1208)
	at org.testng.TestNG.runSuitesLocally(TestNG.java:1137)
	at org.testng.TestNG.runSuites(TestNG.java:1049)
	at org.testng.TestNG.run(TestNG.java:1017)
	at org.apache.maven.surefire.testng.TestNGExecutor.run(TestNGExecutor.java:283)
	at org.apache.maven.surefire.testng.TestNGXmlTestSuite.execute(TestNGXmlTestSuite.java:75)
	at org.apache.maven.surefire.testng.TestNGProvider.invoke(TestNGProvider.java:120)
	at org.apache.maven.surefire.booter.ForkedBooter.invokeProviderInSameClassLoader(ForkedBooter.java:384)
	at org.apache.maven.surefire.booter.ForkedBooter.runSuitesInProcess(ForkedBooter.java:345)
	at org.apache.maven.surefire.booter.ForkedBooter.execute(ForkedBooter.java:126)
	at org.apache.maven.surefire.booter.ForkedBooter.main(ForkedBooter.java:418)
</pre></div></td>
<td>603</td>
<td>com.romanceabroad.ui.UserProfileTests@6a2f6f80</td></tr>
</table><p>
<table width='100%' border='1' class='invocation-skipped'>
<tr><td colspan='4' align='center'><b>SKIPPED CONFIGURATIONS</b></td></tr>
<tr><td><b>Test method</b></td>
<td width="30%"><b>Exception</b></td>
<td width="10%"><b>Time (seconds)</b></td>
<td><b>Instance</b></td>
</tr>
<tr>
<td title='com.romanceabroad.ui.UserProfileTests.afterActions()'><b>afterActions</b><br>Test class: com.romanceabroad.ui.UserProfileTests</td>
<td></td>
<td>0</td>
<td>com.romanceabroad.ui.UserProfileTests@6a2f6f80</td></tr>
</table><p>
<table width='100%' border='1' class='invocation-passed'>
<tr><td colspan='4' align='center'><b>PASSED TESTS</b></td></tr>
<tr><td><b>Test method</b></td>
<td width="30%"><b>Exception</b></td>
<td width="10%"><b>Time (seconds)</b></td>
<td><b>Instance</b></td>
</tr>
<tr>
<td title='com.romanceabroad.ui.SingInTests.negativeTestsSingIn()'><b>negativeTestsSingIn</b><br>Test class: com.romanceabroad.ui.SingInTests<br>Parameters: , </td>
<td></td>
<td>13</td>
<td>com.romanceabroad.ui.SingInTests@1190200a</td></tr>
<tr>
<td title='com.romanceabroad.ui.SingInTests.negativeTestsSingIn()'><b>negativeTestsSingIn</b><br>Test class: com.romanceabroad.ui.SingInTests<br>Parameters: 111@gmail.com, </td>
<td></td>
<td>10</td>
<td>com.romanceabroad.ui.SingInTests@1190200a</td></tr>
<tr>
<td title='com.romanceabroad.ui.SingInTests.negativeTestsSingIn()'><b>negativeTestsSingIn</b><br>Test class: com.romanceabroad.ui.SingInTests<br>Parameters: , Tatty54517</td>
<td></td>
<td>11</td>
<td>com.romanceabroad.ui.SingInTests@1190200a</td></tr>
<tr>
<td title='com.romanceabroad.ui.SingInTests.negativeTestsSingIn()'><b>negativeTestsSingIn</b><br>Test class: com.romanceabroad.ui.SingInTests<br>Parameters: !!!!!!!!!!!!!!!!!!!!!!!!!!!!!!!!!!!!!!,  </td>
<td></td>
<td>10</td>
<td>com.romanceabroad.ui.SingInTests@1190200a</td></tr>
<tr>
<td title='com.romanceabroad.ui.ContactUsTests.testContactUs()'><b>testContactUs</b><br>Test class: com.romanceabroad.ui.ContactUsTests<br>Parameters: Pre-Sales Questions, Carlos1111, Lmao@gmail.com, Send flowers, I want to send flowers</td>
<td></td>
<td>8</td>
<td>com.romanceabroad.ui.ContactUsTests@4961f6af</td></tr>
<tr>
<td title='com.romanceabroad.ui.ContactUsTests.testContactUs()'><b>testContactUs</b><br>Test class: com.romanceabroad.ui.ContactUsTests<br>Parameters: Technical support, Robert, 0000000@yahoo.com, I lost my girlfriend, HELP!!!!!!!!!!!!!!!!!!</td>
<td></td>
<td>10</td>
<td>com.romanceabroad.ui.ContactUsTests@4961f6af</td></tr>
<tr>
<td title='com.romanceabroad.ui.ContactUsTests.testContactUs()'><b>testContactUs</b><br>Test class: com.romanceabroad.ui.ContactUsTests<br>Parameters: Other, Albert, albert567484@htmail.com, Password reset, I forgot my password need help</td>
<td></td>
<td>9</td>
<td>com.romanceabroad.ui.ContactUsTests@4961f6af</td></tr>
<tr>
<td title='com.romanceabroad.ui.PhotosTests.testPhotosLinksOnWebPage()'><b>testPhotosLinksOnWebPage</b><br>Test class: com.romanceabroad.ui.PhotosTests</td>
<td></td>
<td>5</td>
<td>com.romanceabroad.ui.PhotosTests@33c911a1</td></tr>
<tr>
<td title='com.romanceabroad.ui.SearchTests.testPrettyWomenPageTest12()'><b>testPrettyWomenPageTest12</b><br>Test class: com.romanceabroad.ui.SearchTests</td>
<td></td>
<td>67</td>
<td>com.romanceabroad.ui.SearchTests@707194ba</td></tr>
<tr>
<td title='com.romanceabroad.ui.RegistrationTests.testRegistration()'><b>testRegistration</b><br>Test class: com.romanceabroad.ui.RegistrationTests<br>Parameters: 111@gmail.com, Tatty54517, true</td>
<td></td>
<td>5</td>
<td>com.romanceabroad.ui.RegistrationTests@75db5df9</td></tr>
<tr>
<td title='com.romanceabroad.ui.MainTests.testSignInTest7()'><b>testSignInTest7</b><br>Test class: com.romanceabroad.ui.MainTests</td>
<td></td>
<td>0</td>
<td>com.romanceabroad.ui.MainTests@65d09a04</td></tr>
</table><p>
<table width='100%' border='1' class='invocation-skipped'>
<tr><td colspan='4' align='center'><b>SKIPPED TESTS</b></td></tr>
<tr><td><b>Test method</b></td>
<td width="30%"><b>Exception</b></td>
<td width="10%"><b>Time (seconds)</b></td>
<td><b>Instance</b></td>
</tr>
<tr>
<td title='com.romanceabroad.ui.UserProfileTests.testUserProfile()'><b>testUserProfile</b><br>Test class: com.romanceabroad.ui.UserProfileTests</td>
<td><div><pre>org.openqa.selenium.SessionNotCreatedException: session not created
from timeout: Timed out receiving message from renderer: 600.000
  (Session info: chrome=87.0.4280.141)
Build info: version: &apos;3.141.59&apos;, revision: &apos;e82be7d358&apos;, time: &apos;2018-11-14T08:17:03&apos;
System info: host: &apos;DESKTOP-F0URKIS&apos;, ip: &apos;192.168.56.1&apos;, os.name: &apos;Windows 10&apos;, os.arch: &apos;amd64&apos;, os.version: &apos;10.0&apos;, java.version: &apos;11.0.8&apos;
Driver info: driver.version: ChromeDriver
remote stacktrace: Backtrace:
	Ordinal0 [0x00A3ECE3+3337443]
	Ordinal0 [0x0091F041+2158657]
	Ordinal0 [0x007A6FA8+618408]
	Ordinal0 [0x0079AE8F+568975]
	Ordinal0 [0x0079A131+565553]
	Ordinal0 [0x0079A525+566565]
	Ordinal0 [0x00799E45+564805]
	Ordinal0 [0x007A35C1+603585]
	Ordinal0 [0x00799E01+564737]
	Ordinal0 [0x0079ABB2+568242]
	Ordinal0 [0x0079A131+565553]
	Ordinal0 [0x0079A525+566565]
	Ordinal0 [0x00799E45+564805]
	Ordinal0 [0x007A1A3C+596540]
	Ordinal0 [0x00799E01+564737]
	Ordinal0 [0x0079ABB2+568242]
	Ordinal0 [0x0079A131+565553]
	Ordinal0 [0x0079A525+566565]
	Ordinal0 [0x00799E45+564805]
	Ordinal0 [0x0079FB72+588658]
	Ordinal0 [0x00799E01+564737]
	Ordinal0 [0x0079ABB2+568242]
	Ordinal0 [0x0079A131+565553]
	Ordinal0 [0x0079A525+566565]
	Ordinal0 [0x00799E45+564805]
	Ordinal0 [0x0079ED85+585093]
	Ordinal0 [0x00799E01+564737]
	Ordinal0 [0x0079ABB2+568242]
	Ordinal0 [0x0079A131+565553]
	Ordinal0 [0x0079A525+566565]
	Ordinal0 [0x00799E45+564805]
	Ordinal0 [0x00796486+550022]
	Ordinal0 [0x00799E01+564737]
	Ordinal0 [0x00799C23+564259]
	Ordinal0 [0x00799A17+563735]
	Ordinal0 [0x007A7FD0+622544]
	Ordinal0 [0x00746B2D+224045]
	Ordinal0 [0x00745BFC+220156]
	Ordinal0 [0x0074181B+202779]
	Ordinal0 [0x00723D74+81268]
	Ordinal0 [0x00724D6E+85358]
	Ordinal0 [0x00724CF9+85241]
	Ordinal0 [0x00936F2C+2256684]
	GetHandleVerifier [0x00BC2FAC+1478332]
	GetHandleVerifier [0x00BC2AFD+1477133]
	GetHandleVerifier [0x00BCAAD8+1509864]
	GetHandleVerifier [0x00BC369E+1480110]
	Ordinal0 [0x0092D6BD+2217661]
	Ordinal0 [0x009389AB+2263467]
	Ordinal0 [0x00938AEF+2263791]
	Ordinal0 [0x0094D363+2347875]
	BaseThreadInitThunk [0x756C6359+25]
	RtlGetAppContainerNamedObjectPath [0x76F98944+228]
	RtlGetAppContainerNamedObjectPath [0x76F98914+180]

	at org.openqa.selenium.remote.W3CHandshakeResponse.lambda$errorHandler$0(W3CHandshakeResponse.java:62)
	at org.openqa.selenium.remote.HandshakeResponse.lambda$getResponseFunction$0(HandshakeResponse.java:30)
	at org.openqa.selenium.remote.ProtocolHandshake.lambda$createSession$0(ProtocolHandshake.java:126)
	at java.base/java.util.stream.ReferencePipeline$3$1.accept(ReferencePipeline.java:195)
	at java.base/java.util.Spliterators$ArraySpliterator.tryAdvance(Spliterators.java:958)
	at java.base/java.util.stream.ReferencePipeline.forEachWithCancel(ReferencePipeline.java:127)
	at java.base/java.util.stream.AbstractPipeline.copyIntoWithCancel(AbstractPipeline.java:502)
	at java.base/java.util.stream.AbstractPipeline.copyInto(AbstractPipeline.java:488)
	at java.base/java.util.stream.AbstractPipeline.wrapAndCopyInto(AbstractPipeline.java:474)
	at java.base/java.util.stream.FindOps$FindOp.evaluateSequential(FindOps.java:150)
	at java.base/java.util.stream.AbstractPipeline.evaluate(AbstractPipeline.java:234)
	at java.base/java.util.stream.ReferencePipeline.findFirst(ReferencePipeline.java:543)
	at org.openqa.selenium.remote.ProtocolHandshake.createSession(ProtocolHandshake.java:128)
	at org.openqa.selenium.remote.ProtocolHandshake.createSession(ProtocolHandshake.java:74)
	at org.openqa.selenium.remote.HttpCommandExecutor.execute(HttpCommandExecutor.java:136)
	at org.openqa.selenium.remote.service.DriverCommandExecutor.execute(DriverCommandExecutor.java:83)
	at org.openqa.selenium.remote.RemoteWebDriver.execute(RemoteWebDriver.java:552)
	at org.openqa.selenium.remote.RemoteWebDriver.startSession(RemoteWebDriver.java:213)
	at org.openqa.selenium.remote.RemoteWebDriver.&lt;init&gt;(RemoteWebDriver.java:131)
	at org.openqa.selenium.chrome.ChromeDriver.&lt;init&gt;(ChromeDriver.java:181)
	at org.openqa.selenium.chrome.ChromeDriver.&lt;init&gt;(ChromeDriver.java:168)
	at org.openqa.selenium.chrome.ChromeDriver.&lt;init&gt;(ChromeDriver.java:123)
	at com.romanceabroad.ui.BaseUI.setup(BaseUI.java:43)
... Removed 36 stack frames</pre></div><a href='#' onClick='toggleBox("stack-trace544865532", this, "Click to show all stack frames", "Click to hide stack frames")'>Click to show all stack frames</a>
<div class='stack-trace' id='stack-trace544865532'><pre>org.openqa.selenium.SessionNotCreatedException: session not created
from timeout: Timed out receiving message from renderer: 600.000
  (Session info: chrome=87.0.4280.141)
Build info: version: &apos;3.141.59&apos;, revision: &apos;e82be7d358&apos;, time: &apos;2018-11-14T08:17:03&apos;
System info: host: &apos;DESKTOP-F0URKIS&apos;, ip: &apos;192.168.56.1&apos;, os.name: &apos;Windows 10&apos;, os.arch: &apos;amd64&apos;, os.version: &apos;10.0&apos;, java.version: &apos;11.0.8&apos;
Driver info: driver.version: ChromeDriver
remote stacktrace: Backtrace:
	Ordinal0 [0x00A3ECE3+3337443]
	Ordinal0 [0x0091F041+2158657]
	Ordinal0 [0x007A6FA8+618408]
	Ordinal0 [0x0079AE8F+568975]
	Ordinal0 [0x0079A131+565553]
	Ordinal0 [0x0079A525+566565]
	Ordinal0 [0x00799E45+564805]
	Ordinal0 [0x007A35C1+603585]
	Ordinal0 [0x00799E01+564737]
	Ordinal0 [0x0079ABB2+568242]
	Ordinal0 [0x0079A131+565553]
	Ordinal0 [0x0079A525+566565]
	Ordinal0 [0x00799E45+564805]
	Ordinal0 [0x007A1A3C+596540]
	Ordinal0 [0x00799E01+564737]
	Ordinal0 [0x0079ABB2+568242]
	Ordinal0 [0x0079A131+565553]
	Ordinal0 [0x0079A525+566565]
	Ordinal0 [0x00799E45+564805]
	Ordinal0 [0x0079FB72+588658]
	Ordinal0 [0x00799E01+564737]
	Ordinal0 [0x0079ABB2+568242]
	Ordinal0 [0x0079A131+565553]
	Ordinal0 [0x0079A525+566565]
	Ordinal0 [0x00799E45+564805]
	Ordinal0 [0x0079ED85+585093]
	Ordinal0 [0x00799E01+564737]
	Ordinal0 [0x0079ABB2+568242]
	Ordinal0 [0x0079A131+565553]
	Ordinal0 [0x0079A525+566565]
	Ordinal0 [0x00799E45+564805]
	Ordinal0 [0x00796486+550022]
	Ordinal0 [0x00799E01+564737]
	Ordinal0 [0x00799C23+564259]
	Ordinal0 [0x00799A17+563735]
	Ordinal0 [0x007A7FD0+622544]
	Ordinal0 [0x00746B2D+224045]
	Ordinal0 [0x00745BFC+220156]
	Ordinal0 [0x0074181B+202779]
	Ordinal0 [0x00723D74+81268]
	Ordinal0 [0x00724D6E+85358]
	Ordinal0 [0x00724CF9+85241]
	Ordinal0 [0x00936F2C+2256684]
	GetHandleVerifier [0x00BC2FAC+1478332]
	GetHandleVerifier [0x00BC2AFD+1477133]
	GetHandleVerifier [0x00BCAAD8+1509864]
	GetHandleVerifier [0x00BC369E+1480110]
	Ordinal0 [0x0092D6BD+2217661]
	Ordinal0 [0x009389AB+2263467]
	Ordinal0 [0x00938AEF+2263791]
	Ordinal0 [0x0094D363+2347875]
	BaseThreadInitThunk [0x756C6359+25]
	RtlGetAppContainerNamedObjectPath [0x76F98944+228]
	RtlGetAppContainerNamedObjectPath [0x76F98914+180]

	at java.base/jdk.internal.reflect.NativeConstructorAccessorImpl.newInstance0(Native Method)
	at java.base/jdk.internal.reflect.NativeConstructorAccessorImpl.newInstance(NativeConstructorAccessorImpl.java:62)
	at java.base/jdk.internal.reflect.DelegatingConstructorAccessorImpl.newInstance(DelegatingConstructorAccessorImpl.java:45)
	at java.base/java.lang.reflect.Constructor.newInstance(Constructor.java:490)
	at org.openqa.selenium.remote.W3CHandshakeResponse.lambda$errorHandler$0(W3CHandshakeResponse.java:62)
	at org.openqa.selenium.remote.HandshakeResponse.lambda$getResponseFunction$0(HandshakeResponse.java:30)
	at org.openqa.selenium.remote.ProtocolHandshake.lambda$createSession$0(ProtocolHandshake.java:126)
	at java.base/java.util.stream.ReferencePipeline$3$1.accept(ReferencePipeline.java:195)
	at java.base/java.util.Spliterators$ArraySpliterator.tryAdvance(Spliterators.java:958)
	at java.base/java.util.stream.ReferencePipeline.forEachWithCancel(ReferencePipeline.java:127)
	at java.base/java.util.stream.AbstractPipeline.copyIntoWithCancel(AbstractPipeline.java:502)
	at java.base/java.util.stream.AbstractPipeline.copyInto(AbstractPipeline.java:488)
	at java.base/java.util.stream.AbstractPipeline.wrapAndCopyInto(AbstractPipeline.java:474)
	at java.base/java.util.stream.FindOps$FindOp.evaluateSequential(FindOps.java:150)
	at java.base/java.util.stream.AbstractPipeline.evaluate(AbstractPipeline.java:234)
	at java.base/java.util.stream.ReferencePipeline.findFirst(ReferencePipeline.java:543)
	at org.openqa.selenium.remote.ProtocolHandshake.createSession(ProtocolHandshake.java:128)
	at org.openqa.selenium.remote.ProtocolHandshake.createSession(ProtocolHandshake.java:74)
	at org.openqa.selenium.remote.HttpCommandExecutor.execute(HttpCommandExecutor.java:136)
	at org.openqa.selenium.remote.service.DriverCommandExecutor.execute(DriverCommandExecutor.java:83)
	at org.openqa.selenium.remote.RemoteWebDriver.execute(RemoteWebDriver.java:552)
	at org.openqa.selenium.remote.RemoteWebDriver.startSession(RemoteWebDriver.java:213)
	at org.openqa.selenium.remote.RemoteWebDriver.&lt;init&gt;(RemoteWebDriver.java:131)
	at org.openqa.selenium.chrome.ChromeDriver.&lt;init&gt;(ChromeDriver.java:181)
	at org.openqa.selenium.chrome.ChromeDriver.&lt;init&gt;(ChromeDriver.java:168)
	at org.openqa.selenium.chrome.ChromeDriver.&lt;init&gt;(ChromeDriver.java:123)
	at com.romanceabroad.ui.BaseUI.setup(BaseUI.java:43)
	at java.base/jdk.internal.reflect.NativeMethodAccessorImpl.invoke0(Native Method)
	at java.base/jdk.internal.reflect.NativeMethodAccessorImpl.invoke(NativeMethodAccessorImpl.java:62)
	at java.base/jdk.internal.reflect.DelegatingMethodAccessorImpl.invoke(DelegatingMethodAccessorImpl.java:43)
	at java.base/java.lang.reflect.Method.invoke(Method.java:566)
	at org.testng.internal.MethodInvocationHelper.invokeMethod(MethodInvocationHelper.java:124)
	at org.testng.internal.MethodInvocationHelper.invokeMethodConsideringTimeout(MethodInvocationHelper.java:59)
	at org.testng.internal.Invoker.invokeConfigurationMethod(Invoker.java:458)
	at org.testng.internal.Invoker.invokeConfigurations(Invoker.java:222)
	at org.testng.internal.Invoker.invokeMethod(Invoker.java:523)
	at org.testng.internal.Invoker.invokeTestMethod(Invoker.java:719)
	at org.testng.internal.Invoker.invokeTestMethods(Invoker.java:989)
	at org.testng.internal.TestMethodWorker.invokeTestMethods(TestMethodWorker.java:125)
	at org.testng.internal.TestMethodWorker.run(TestMethodWorker.java:109)
	at org.testng.TestRunner.privateRun(TestRunner.java:648)
	at org.testng.TestRunner.run(TestRunner.java:505)
	at org.testng.SuiteRunner.runTest(SuiteRunner.java:455)
	at org.testng.SuiteRunner.runSequentially(SuiteRunner.java:450)
	at org.testng.SuiteRunner.privateRun(SuiteRunner.java:415)
	at org.testng.SuiteRunner.run(SuiteRunner.java:364)
	at org.testng.SuiteRunnerWorker.runSuite(SuiteRunnerWorker.java:52)
	at org.testng.SuiteRunnerWorker.run(SuiteRunnerWorker.java:84)
	at org.testng.TestNG.runSuitesSequentially(TestNG.java:1208)
	at org.testng.TestNG.runSuitesLocally(TestNG.java:1137)
	at org.testng.TestNG.runSuites(TestNG.java:1049)
	at org.testng.TestNG.run(TestNG.java:1017)
	at org.apache.maven.surefire.testng.TestNGExecutor.run(TestNGExecutor.java:283)
	at org.apache.maven.surefire.testng.TestNGXmlTestSuite.execute(TestNGXmlTestSuite.java:75)
	at org.apache.maven.surefire.testng.TestNGProvider.invoke(TestNGProvider.java:120)
	at org.apache.maven.surefire.booter.ForkedBooter.invokeProviderInSameClassLoader(ForkedBooter.java:384)
	at org.apache.maven.surefire.booter.ForkedBooter.runSuitesInProcess(ForkedBooter.java:345)
	at org.apache.maven.surefire.booter.ForkedBooter.execute(ForkedBooter.java:126)
	at org.apache.maven.surefire.booter.ForkedBooter.main(ForkedBooter.java:418)
</pre></div></td>
<td>0</td>
<td>com.romanceabroad.ui.UserProfileTests@6a2f6f80</td></tr>
</table><p>
</body>
</html>