<?xml version="1.0" encoding="UTF-8"?>
<!-- Generated by org.testng.reporters.JUnitXMLReporter -->
<testsuite ignored="1" hostname="DESKTOP-F0URKIS" failures="0" tests="12" name="Chrome Tests Cases" time="917.081" errors="0" timestamp="20 Jan 2021 18:34:46 GMT">
  <testcase classname="com.romanceabroad.ui.BaseUI" name="@BeforeMethod setup" time="603.071">
    <failure type="org.openqa.selenium.SessionNotCreatedException" message="session not created
from timeout: Timed out receiving message from renderer: 600.000
  (Session info: chrome=87.0.4280.141)
Build info: version: &amp;apos;3.141.59&amp;apos;, revision: &amp;apos;e82be7d358&amp;apos;, time: &amp;apos;2018-11-14T08:17:03&amp;apos;
System info: host: &amp;apos;DESKTOP-F0URKIS&amp;apos;, ip: &amp;apos;192.168.56.1&amp;apos;, os.name: &amp;apos;Windows 10&amp;apos;, os.arch: &amp;apos;amd64&amp;apos;, os.version: &amp;apos;10.0&amp;apos;, java.version: &amp;apos;11.0.8&amp;apos;
Driver info: driver.version: ChromeDriver
remote stacktrace: Backtrace:
	Ordinal0 [0x00A3ECE3+3337443]
	Ordinal0 [0x0091F041+2158657]
	Ordinal0 [0x007A6FA8+618408]
	Ordinal0 [0x0079AE8F+568975]
	Ordinal0 [0x0079A131+565553]
	Ordinal0 [0x0079A525+566565]
	Ordinal0 [0x00799E45+564805]
	Ordinal0 [0x007A35C1+603585]
	Ordinal0 [0x00799E01+564737]
	Ordinal0 [0x0079ABB2+568242]
	Ordinal0 [0x0079A131+565553]
	Ordinal0 [0x0079A525+566565]
	Ordinal0 [0x00799E45+564805]
	Ordinal0 [0x007A1A3C+596540]
	Ordinal0 [0x00799E01+564737]
	Ordinal0 [0x0079ABB2+568242]
	Ordinal0 [0x0079A131+565553]
	Ordinal0 [0x0079A525+566565]
	Ordinal0 [0x00799E45+564805]
	Ordinal0 [0x0079FB72+588658]
	Ordinal0 [0x00799E01+564737]
	Ordinal0 [0x0079ABB2+568242]
	Ordinal0 [0x0079A131+565553]
	Ordinal0 [0x0079A525+566565]
	Ordinal0 [0x00799E45+564805]
	Ordinal0 [0x0079ED85+585093]
	Ordinal0 [0x00799E01+564737]
	Ordinal0 [0x0079ABB2+568242]
	Ordinal0 [0x0079A131+565553]
	Ordinal0 [0x0079A525+566565]
	Ordinal0 [0x00799E45+564805]
	Ordinal0 [0x00796486+550022]
	Ordinal0 [0x00799E01+564737]
	Ordinal0 [0x00799C23+564259]
	Ordinal0 [0x00799A17+563735]
	Ordinal0 [0x007A7FD0+622544]
	Ordinal0 [0x00746B2D+224045]
	Ordinal0 [0x00745BFC+220156]
	Ordinal0 [0x0074181B+202779]
	Ordinal0 [0x00723D74+81268]
	Ordinal0 [0x00724D6E+85358]
	Ordinal0 [0x00724CF9+85241]
	Ordinal0 [0x00936F2C+2256684]
	GetHandleVerifier [0x00BC2FAC+1478332]
	GetHandleVerifier [0x00BC2AFD+1477133]
	GetHandleVerifier [0x00BCAAD8+1509864]
	GetHandleVerifier [0x00BC369E+1480110]
	Ordinal0 [0x0092D6BD+2217661]
	Ordinal0 [0x009389AB+2263467]
	Ordinal0 [0x00938AEF+2263791]
	Ordinal0 [0x0094D363+2347875]
	BaseThreadInitThunk [0x756C6359+25]
	RtlGetAppContainerNamedObjectPath [0x76F98944+228]
	RtlGetAppContainerNamedObjectPath [0x76F98914+180]
">
      <![CDATA[org.openqa.selenium.SessionNotCreatedException: session not created
from timeout: Timed out receiving message from renderer: 600.000
  (Session info: chrome=87.0.4280.141)
Build info: version: '3.141.59', revision: 'e82be7d358', time: '2018-11-14T08:17:03'
System info: host: 'DESKTOP-F0URKIS', ip: '192.168.56.1', os.name: 'Windows 10', os.arch: 'amd64', os.version: '10.0', java.version: '11.0.8'
Driver info: driver.version: ChromeDriver
remote stacktrace: Backtrace:
Ordinal0 [0x00A3ECE3+3337443]
Ordinal0 [0x0091F041+2158657]
Ordinal0 [0x007A6FA8+618408]
Ordinal0 [0x0079AE8F+568975]
Ordinal0 [0x0079A131+565553]
Ordinal0 [0x0079A525+566565]
Ordinal0 [0x00799E45+564805]
Ordinal0 [0x007A35C1+603585]
Ordinal0 [0x00799E01+564737]
Ordinal0 [0x0079ABB2+568242]
Ordinal0 [0x0079A131+565553]
Ordinal0 [0x0079A525+566565]
Ordinal0 [0x00799E45+564805]
Ordinal0 [0x007A1A3C+596540]
Ordinal0 [0x00799E01+564737]
Ordinal0 [0x0079ABB2+568242]
Ordinal0 [0x0079A131+565553]
Ordinal0 [0x0079A525+566565]
Ordinal0 [0x00799E45+564805]
Ordinal0 [0x0079FB72+588658]
Ordinal0 [0x00799E01+564737]
Ordinal0 [0x0079ABB2+568242]
Ordinal0 [0x0079A131+565553]
Ordinal0 [0x0079A525+566565]
Ordinal0 [0x00799E45+564805]
Ordinal0 [0x0079ED85+585093]
Ordinal0 [0x00799E01+564737]
Ordinal0 [0x0079ABB2+568242]
Ordinal0 [0x0079A131+565553]
Ordinal0 [0x0079A525+566565]
Ordinal0 [0x00799E45+564805]
Ordinal0 [0x00796486+550022]
Ordinal0 [0x00799E01+564737]
Ordinal0 [0x00799C23+564259]
Ordinal0 [0x00799A17+563735]
Ordinal0 [0x007A7FD0+622544]
Ordinal0 [0x00746B2D+224045]
Ordinal0 [0x00745BFC+220156]
Ordinal0 [0x0074181B+202779]
Ordinal0 [0x00723D74+81268]
Ordinal0 [0x00724D6E+85358]
Ordinal0 [0x00724CF9+85241]
Ordinal0 [0x00936F2C+2256684]
GetHandleVerifier [0x00BC2FAC+1478332]
GetHandleVerifier [0x00BC2AFD+1477133]
GetHandleVerifier [0x00BCAAD8+1509864]
GetHandleVerifier [0x00BC369E+1480110]
Ordinal0 [0x0092D6BD+2217661]
Ordinal0 [0x009389AB+2263467]
Ordinal0 [0x00938AEF+2263791]
Ordinal0 [0x0094D363+2347875]
BaseThreadInitThunk [0x756C6359+25]
RtlGetAppContainerNamedObjectPath [0x76F98944+228]
RtlGetAppContainerNamedObjectPath [0x76F98914+180]

at org.openqa.selenium.remote.W3CHandshakeResponse.lambda$errorHandler$0(W3CHandshakeResponse.java:62)
at org.openqa.selenium.remote.HandshakeResponse.lambda$getResponseFunction$0(HandshakeResponse.java:30)
at org.openqa.selenium.remote.ProtocolHandshake.lambda$createSession$0(ProtocolHandshake.java:126)
at java.base/java.util.stream.ReferencePipeline$3$1.accept(ReferencePipeline.java:195)
at java.base/java.util.Spliterators$ArraySpliterator.tryAdvance(Spliterators.java:958)
at java.base/java.util.stream.ReferencePipeline.forEachWithCancel(ReferencePipeline.java:127)
at java.base/java.util.stream.AbstractPipeline.copyIntoWithCancel(AbstractPipeline.java:502)
at java.base/java.util.stream.AbstractPipeline.copyInto(AbstractPipeline.java:488)
at java.base/java.util.stream.AbstractPipeline.wrapAndCopyInto(AbstractPipeline.java:474)
at java.base/java.util.stream.FindOps$FindOp.evaluateSequential(FindOps.java:150)
at java.base/java.util.stream.AbstractPipeline.evaluate(AbstractPipeline.java:234)
at java.base/java.util.stream.ReferencePipeline.findFirst(ReferencePipeline.java:543)
at org.openqa.selenium.remote.ProtocolHandshake.createSession(ProtocolHandshake.java:128)
at org.openqa.selenium.remote.ProtocolHandshake.createSession(ProtocolHandshake.java:74)
at org.openqa.selenium.remote.HttpCommandExecutor.execute(HttpCommandExecutor.java:136)
at org.openqa.selenium.remote.service.DriverCommandExecutor.execute(DriverCommandExecutor.java:83)
at org.openqa.selenium.remote.RemoteWebDriver.execute(RemoteWebDriver.java:552)
at org.openqa.selenium.remote.RemoteWebDriver.startSession(RemoteWebDriver.java:213)
at org.openqa.selenium.remote.RemoteWebDriver.<init>(RemoteWebDriver.java:131)
at org.openqa.selenium.chrome.ChromeDriver.<init>(ChromeDriver.java:181)
at org.openqa.selenium.chrome.ChromeDriver.<init>(ChromeDriver.java:168)
at org.openqa.selenium.chrome.ChromeDriver.<init>(ChromeDriver.java:123)
at com.romanceabroad.ui.BaseUI.setup(BaseUI.java:43)
... Removed 36 stack frames]]>
    </failure>
  </testcase> <!-- @BeforeMethod setup -->
  <testcase classname="com.romanceabroad.ui.BaseUI" name="@AfterMethod afterActions" time="0.0">
    <skipped/>
  </testcase> <!-- @AfterMethod afterActions -->
  <testcase classname="com.romanceabroad.ui.ContactUsTests" name="testContactUs" time="8.552"/>
  <testcase classname="com.romanceabroad.ui.ContactUsTests" name="testContactUs" time="10.877"/>
  <testcase classname="com.romanceabroad.ui.ContactUsTests" name="testContactUs" time="9.508"/>
  <testcase classname="com.romanceabroad.ui.MainTests" name="testSignInTest7" time="0.207"/>
  <testcase classname="com.romanceabroad.ui.PhotosTests" name="testPhotosLinksOnWebPage" time="5.525"/>
  <testcase classname="com.romanceabroad.ui.RegistrationTests" name="testRegistration" time="5.041"/>
  <testcase classname="com.romanceabroad.ui.SearchTests" name="testPrettyWomenPageTest12" time="67.038"/>
  <testcase classname="com.romanceabroad.ui.SingInTests" name="negativeTestsSingIn" time="13.425"/>
  <testcase classname="com.romanceabroad.ui.SingInTests" name="negativeTestsSingIn" time="10.927"/>
  <testcase classname="com.romanceabroad.ui.SingInTests" name="negativeTestsSingIn" time="11.819"/>
  <testcase classname="com.romanceabroad.ui.SingInTests" name="negativeTestsSingIn" time="10.962"/>
  <testcase classname="com.romanceabroad.ui.UserProfileTests" name="testUserProfile" time="0.0">
    <skipped/>
  </testcase> <!-- testUserProfile -->
  <testcase classname="com.romanceabroad.ui.MainTests" name="testBlogPageTest9" time="0.0">
    <ignored/>
  </testcase> <!-- testBlogPageTest9 -->
</testsuite> <!-- Chrome Tests Cases -->
