<?xml version="1.0" encoding="UTF-8"?>
<testng-results ignored="1" total="13" passed="11" failed="0" skipped="1">
  <reporter-output>
  </reporter-output>
  <suite started-at="2021-01-20T18:19:29Z" name="TestSuite" finished-at="2021-01-20T18:34:46Z" duration-ms="917081">
    <groups>
      <group name="admin">
        <method signature="ContactUsTests.testContactUs(java.lang.String, java.lang.String, java.lang.String, java.lang.String, java.lang.String)[pri:1, instance:com.romanceabroad.ui.ContactUsTests@4961f6af]" name="testContactUs" class="com.romanceabroad.ui.ContactUsTests"/>
        <method signature="MainTests.smokeTestMainPage()[pri:2, instance:com.romanceabroad.ui.MainTests@65d09a04]" name="smokeTestMainPage" class="com.romanceabroad.ui.MainTests"/>
        <method signature="MainTests.testArticlesAndTitles()[pri:4, instance:com.romanceabroad.ui.MainTests@65d09a04]" name="testArticlesAndTitles" class="com.romanceabroad.ui.MainTests"/>
        <method signature="SearchTests.testPrettyWomenPageTest12()[pri:1, instance:com.romanceabroad.ui.SearchTests@707194ba]" name="testPrettyWomenPageTest12" class="com.romanceabroad.ui.SearchTests"/>
        <method signature="UserProfileTests.testUserProfile()[pri:1, instance:com.romanceabroad.ui.UserProfileTests@6a2f6f80]" name="testUserProfile" class="com.romanceabroad.ui.UserProfileTests"/>
      </group> <!-- admin -->
      <group name="ie">
        <method signature="ContactUsTests.testContactUs(java.lang.String, java.lang.String, java.lang.String, java.lang.String, java.lang.String)[pri:1, instance:com.romanceabroad.ui.ContactUsTests@4961f6af]" name="testContactUs" class="com.romanceabroad.ui.ContactUsTests"/>
        <method signature="MainTests.smokeTestMainPage()[pri:2, instance:com.romanceabroad.ui.MainTests@65d09a04]" name="smokeTestMainPage" class="com.romanceabroad.ui.MainTests"/>
        <method signature="PhotosTests.testPhotosLinksOnWebPage()[pri:1, instance:com.romanceabroad.ui.PhotosTests@33c911a1]" name="testPhotosLinksOnWebPage" class="com.romanceabroad.ui.PhotosTests"/>
        <method signature="PhotosTests.testUserTabs1()[pri:3, instance:com.romanceabroad.ui.PhotosTests@33c911a1]" name="testUserTabs1" class="com.romanceabroad.ui.PhotosTests"/>
        <method signature="PhotosTests.testUserTabs2()[pri:4, instance:com.romanceabroad.ui.PhotosTests@33c911a1]" name="testUserTabs2" class="com.romanceabroad.ui.PhotosTests"/>
        <method signature="RegistrationTests.testRegistration(java.lang.String, java.lang.String, boolean)[pri:1, instance:com.romanceabroad.ui.RegistrationTests@75db5df9]" name="testRegistration" class="com.romanceabroad.ui.RegistrationTests"/>
        <method signature="SearchTests.searchDifferentResults1(java.lang.String, java.lang.String, java.lang.String)[pri:2, instance:com.romanceabroad.ui.SearchTests@707194ba]" name="searchDifferentResults1" class="com.romanceabroad.ui.SearchTests"/>
        <method signature="SearchTests.searchDifferentResults2(java.lang.String, java.lang.String, java.lang.String)[pri:3, instance:com.romanceabroad.ui.SearchTests@707194ba]" name="searchDifferentResults2" class="com.romanceabroad.ui.SearchTests"/>
        <method signature="SingInTests.negativeTestsSingIn(java.lang.String, java.lang.String)[pri:1, instance:com.romanceabroad.ui.SingInTests@1190200a]" name="negativeTestsSingIn" class="com.romanceabroad.ui.SingInTests"/>
      </group> <!-- ie -->
      <group name="user">
        <method signature="FooterTabsTests.testWebElementsFooter()[pri:3, instance:com.romanceabroad.ui.FooterTabsTests@5aebe890]" name="testWebElementsFooter" class="com.romanceabroad.ui.FooterTabsTests"/>
        <method signature="MainTests.smokeTestMainPage()[pri:2, instance:com.romanceabroad.ui.MainTests@65d09a04]" name="smokeTestMainPage" class="com.romanceabroad.ui.MainTests"/>
        <method signature="MainTests.testArticlesAndTitles()[pri:4, instance:com.romanceabroad.ui.MainTests@65d09a04]" name="testArticlesAndTitles" class="com.romanceabroad.ui.MainTests"/>
        <method signature="MainTests.testSignInTest7()[pri:1, instance:com.romanceabroad.ui.MainTests@65d09a04]" name="testSignInTest7" class="com.romanceabroad.ui.MainTests"/>
        <method signature="PhotosTests.testPhotosChangeLanguage()[pri:2, instance:com.romanceabroad.ui.PhotosTests@33c911a1]" name="testPhotosChangeLanguage" class="com.romanceabroad.ui.PhotosTests"/>
      </group> <!-- user -->
    </groups>
    <test started-at="2021-01-20T18:19:29Z" name="Chrome Tests Cases" finished-at="2021-01-20T18:34:46Z" duration-ms="917081">
      <class name="com.romanceabroad.ui.SearchTests">
        <test-method is-config="true" signature="setup(java.lang.String, java.lang.reflect.Method)[pri:0, instance:com.romanceabroad.ui.SearchTests@707194ba]" started-at="2021-01-20T18:21:32Z" name="setup" finished-at="2021-01-20T18:21:52Z" duration-ms="19939" status="PASS">
          <params>
            <param index="0">
              <value>
                <![CDATA[chrome]]>
              </value>
            </param>
            <param index="1">
              <value>
                <![CDATA[public void com.romanceabroad.ui.SearchTests.testPrettyWomenPageTest12()]]>
              </value>
            </param>
          </params>
          <reporter-output>
          </reporter-output>
        </test-method> <!-- setup -->
        <test-method signature="testPrettyWomenPageTest12()[pri:1, instance:com.romanceabroad.ui.SearchTests@707194ba]" started-at="2021-01-20T18:21:52Z" name="testPrettyWomenPageTest12" finished-at="2021-01-20T18:22:59Z" duration-ms="67038" status="PASS">
          <reporter-output>
          </reporter-output>
        </test-method> <!-- testPrettyWomenPageTest12 -->
        <test-method is-config="true" signature="afterActions(org.testng.ITestResult)[pri:0, instance:com.romanceabroad.ui.SearchTests@707194ba]" started-at="2021-01-20T18:22:59Z" name="afterActions" finished-at="2021-01-20T18:23:00Z" duration-ms="748" status="PASS">
          <params>
            <param index="0">
              <value>
                <![CDATA[[TestResult name=testPrettyWomenPageTest12 status=SUCCESS method=SearchTests.testPrettyWomenPageTest12()[pri:1, instance:com.romanceabroad.ui.SearchTests@707194ba] output={null}]]]>
              </value>
            </param>
          </params>
          <reporter-output>
          </reporter-output>
        </test-method> <!-- afterActions -->
      </class> <!-- com.romanceabroad.ui.SearchTests -->
      <class name="com.romanceabroad.ui.SingInTests">
        <test-method is-config="true" signature="setup(java.lang.String, java.lang.reflect.Method)[pri:0, instance:com.romanceabroad.ui.SingInTests@1190200a]" started-at="2021-01-20T18:23:00Z" name="setup" finished-at="2021-01-20T18:23:14Z" duration-ms="14146" status="PASS">
          <params>
            <param index="0">
              <value>
                <![CDATA[chrome]]>
              </value>
            </param>
            <param index="1">
              <value>
                <![CDATA[public void com.romanceabroad.ui.SingInTests.negativeTestsSingIn(java.lang.String,java.lang.String)]]>
              </value>
            </param>
          </params>
          <reporter-output>
          </reporter-output>
        </test-method> <!-- setup -->
        <test-method signature="negativeTestsSingIn(java.lang.String, java.lang.String)[pri:1, instance:com.romanceabroad.ui.SingInTests@1190200a]" started-at="2021-01-20T18:23:14Z" name="negativeTestsSingIn" data-provider="SingIn" finished-at="2021-01-20T18:23:27Z" duration-ms="13425" status="PASS">
          <params>
            <param index="0">
              <value>
                <![CDATA[]]>
              </value>
            </param>
            <param index="1">
              <value>
                <![CDATA[]]>
              </value>
            </param>
          </params>
          <reporter-output>
          </reporter-output>
        </test-method> <!-- negativeTestsSingIn -->
        <test-method is-config="true" signature="afterActions(org.testng.ITestResult)[pri:0, instance:com.romanceabroad.ui.SingInTests@1190200a]" started-at="2021-01-20T18:23:28Z" name="afterActions" finished-at="2021-01-20T18:23:28Z" duration-ms="756" status="PASS">
          <params>
            <param index="0">
              <value>
                <![CDATA[[TestResult name=negativeTestsSingIn status=SUCCESS method=SingInTests.negativeTestsSingIn(java.lang.String, java.lang.String)[pri:1, instance:com.romanceabroad.ui.SingInTests@1190200a] output={null}]]]>
              </value>
            </param>
          </params>
          <reporter-output>
          </reporter-output>
        </test-method> <!-- afterActions -->
        <test-method is-config="true" signature="setup(java.lang.String, java.lang.reflect.Method)[pri:0, instance:com.romanceabroad.ui.SingInTests@1190200a]" started-at="2021-01-20T18:23:28Z" name="setup" finished-at="2021-01-20T18:23:40Z" duration-ms="11422" status="PASS">
          <params>
            <param index="0">
              <value>
                <![CDATA[chrome]]>
              </value>
            </param>
            <param index="1">
              <value>
                <![CDATA[public void com.romanceabroad.ui.SingInTests.negativeTestsSingIn(java.lang.String,java.lang.String)]]>
              </value>
            </param>
          </params>
          <reporter-output>
          </reporter-output>
        </test-method> <!-- setup -->
        <test-method signature="negativeTestsSingIn(java.lang.String, java.lang.String)[pri:1, instance:com.romanceabroad.ui.SingInTests@1190200a]" started-at="2021-01-20T18:23:40Z" name="negativeTestsSingIn" data-provider="SingIn" finished-at="2021-01-20T18:23:51Z" duration-ms="10927" status="PASS">
          <params>
            <param index="0">
              <value>
                <![CDATA[111@gmail.com]]>
              </value>
            </param>
            <param index="1">
              <value>
                <![CDATA[]]>
              </value>
            </param>
          </params>
          <reporter-output>
          </reporter-output>
        </test-method> <!-- negativeTestsSingIn -->
        <test-method is-config="true" signature="afterActions(org.testng.ITestResult)[pri:0, instance:com.romanceabroad.ui.SingInTests@1190200a]" started-at="2021-01-20T18:23:51Z" name="afterActions" finished-at="2021-01-20T18:23:51Z" duration-ms="658" status="PASS">
          <params>
            <param index="0">
              <value>
                <![CDATA[[TestResult name=negativeTestsSingIn status=SUCCESS method=SingInTests.negativeTestsSingIn(java.lang.String, java.lang.String)[pri:1, instance:com.romanceabroad.ui.SingInTests@1190200a] output={null}]]]>
              </value>
            </param>
          </params>
          <reporter-output>
          </reporter-output>
        </test-method> <!-- afterActions -->
        <test-method is-config="true" signature="setup(java.lang.String, java.lang.reflect.Method)[pri:0, instance:com.romanceabroad.ui.SingInTests@1190200a]" started-at="2021-01-20T18:23:51Z" name="setup" finished-at="2021-01-20T18:24:06Z" duration-ms="14898" status="PASS">
          <params>
            <param index="0">
              <value>
                <![CDATA[chrome]]>
              </value>
            </param>
            <param index="1">
              <value>
                <![CDATA[public void com.romanceabroad.ui.SingInTests.negativeTestsSingIn(java.lang.String,java.lang.String)]]>
              </value>
            </param>
          </params>
          <reporter-output>
          </reporter-output>
        </test-method> <!-- setup -->
        <test-method signature="negativeTestsSingIn(java.lang.String, java.lang.String)[pri:1, instance:com.romanceabroad.ui.SingInTests@1190200a]" started-at="2021-01-20T18:24:06Z" name="negativeTestsSingIn" data-provider="SingIn" finished-at="2021-01-20T18:24:18Z" duration-ms="11819" status="PASS">
          <params>
            <param index="0">
              <value>
                <![CDATA[]]>
              </value>
            </param>
            <param index="1">
              <value>
                <![CDATA[Tatty54517]]>
              </value>
            </param>
          </params>
          <reporter-output>
          </reporter-output>
        </test-method> <!-- negativeTestsSingIn -->
        <test-method is-config="true" signature="afterActions(org.testng.ITestResult)[pri:0, instance:com.romanceabroad.ui.SingInTests@1190200a]" started-at="2021-01-20T18:24:18Z" name="afterActions" finished-at="2021-01-20T18:24:19Z" duration-ms="667" status="PASS">
          <params>
            <param index="0">
              <value>
                <![CDATA[[TestResult name=negativeTestsSingIn status=SUCCESS method=SingInTests.negativeTestsSingIn(java.lang.String, java.lang.String)[pri:1, instance:com.romanceabroad.ui.SingInTests@1190200a] output={null}]]]>
              </value>
            </param>
          </params>
          <reporter-output>
          </reporter-output>
        </test-method> <!-- afterActions -->
        <test-method is-config="true" signature="setup(java.lang.String, java.lang.reflect.Method)[pri:0, instance:com.romanceabroad.ui.SingInTests@1190200a]" started-at="2021-01-20T18:24:19Z" name="setup" finished-at="2021-01-20T18:24:31Z" duration-ms="12544" status="PASS">
          <params>
            <param index="0">
              <value>
                <![CDATA[chrome]]>
              </value>
            </param>
            <param index="1">
              <value>
                <![CDATA[public void com.romanceabroad.ui.SingInTests.negativeTestsSingIn(java.lang.String,java.lang.String)]]>
              </value>
            </param>
          </params>
          <reporter-output>
          </reporter-output>
        </test-method> <!-- setup -->
        <test-method signature="negativeTestsSingIn(java.lang.String, java.lang.String)[pri:1, instance:com.romanceabroad.ui.SingInTests@1190200a]" started-at="2021-01-20T18:24:31Z" name="negativeTestsSingIn" data-provider="SingIn" finished-at="2021-01-20T18:24:42Z" duration-ms="10962" status="PASS">
          <params>
            <param index="0">
              <value>
                <![CDATA[!!!!!!!!!!!!!!!!!!!!!!!!!!!!!!!!!!!!!!]]>
              </value>
            </param>
            <param index="1">
              <value>
                <![CDATA[ ]]>
              </value>
            </param>
          </params>
          <reporter-output>
          </reporter-output>
        </test-method> <!-- negativeTestsSingIn -->
        <test-method is-config="true" signature="afterActions(org.testng.ITestResult)[pri:0, instance:com.romanceabroad.ui.SingInTests@1190200a]" started-at="2021-01-20T18:24:42Z" name="afterActions" finished-at="2021-01-20T18:24:43Z" duration-ms="679" status="PASS">
          <params>
            <param index="0">
              <value>
                <![CDATA[[TestResult name=negativeTestsSingIn status=SUCCESS method=SingInTests.negativeTestsSingIn(java.lang.String, java.lang.String)[pri:1, instance:com.romanceabroad.ui.SingInTests@1190200a] output={null}]]]>
              </value>
            </param>
          </params>
          <reporter-output>
          </reporter-output>
        </test-method> <!-- afterActions -->
      </class> <!-- com.romanceabroad.ui.SingInTests -->
      <class name="com.romanceabroad.ui.UserProfileTests">
        <test-method is-config="true" signature="setup(java.lang.String, java.lang.reflect.Method)[pri:0, instance:com.romanceabroad.ui.UserProfileTests@6a2f6f80]" started-at="2021-01-20T18:24:43Z" name="setup" finished-at="2021-01-20T18:34:46Z" duration-ms="603071" status="FAIL">
          <params>
            <param index="0">
              <value>
                <![CDATA[chrome]]>
              </value>
            </param>
            <param index="1">
              <value>
                <![CDATA[public void com.romanceabroad.ui.UserProfileTests.testUserProfile()]]>
              </value>
            </param>
          </params>
          <exception class="org.openqa.selenium.SessionNotCreatedException">
            <message>
              <![CDATA[session not created
from timeout: Timed out receiving message from renderer: 600.000
  (Session info: chrome=87.0.4280.141)
Build info: version: '3.141.59', revision: 'e82be7d358', time: '2018-11-14T08:17:03'
System info: host: 'DESKTOP-F0URKIS', ip: '192.168.56.1', os.name: 'Windows 10', os.arch: 'amd64', os.version: '10.0', java.version: '11.0.8'
Driver info: driver.version: ChromeDriver
remote stacktrace: Backtrace:
Ordinal0 [0x00A3ECE3+3337443]
Ordinal0 [0x0091F041+2158657]
Ordinal0 [0x007A6FA8+618408]
Ordinal0 [0x0079AE8F+568975]
Ordinal0 [0x0079A131+565553]
Ordinal0 [0x0079A525+566565]
Ordinal0 [0x00799E45+564805]
Ordinal0 [0x007A35C1+603585]
Ordinal0 [0x00799E01+564737]
Ordinal0 [0x0079ABB2+568242]
Ordinal0 [0x0079A131+565553]
Ordinal0 [0x0079A525+566565]
Ordinal0 [0x00799E45+564805]
Ordinal0 [0x007A1A3C+596540]
Ordinal0 [0x00799E01+564737]
Ordinal0 [0x0079ABB2+568242]
Ordinal0 [0x0079A131+565553]
Ordinal0 [0x0079A525+566565]
Ordinal0 [0x00799E45+564805]
Ordinal0 [0x0079FB72+588658]
Ordinal0 [0x00799E01+564737]
Ordinal0 [0x0079ABB2+568242]
Ordinal0 [0x0079A131+565553]
Ordinal0 [0x0079A525+566565]
Ordinal0 [0x00799E45+564805]
Ordinal0 [0x0079ED85+585093]
Ordinal0 [0x00799E01+564737]
Ordinal0 [0x0079ABB2+568242]
Ordinal0 [0x0079A131+565553]
Ordinal0 [0x0079A525+566565]
Ordinal0 [0x00799E45+564805]
Ordinal0 [0x00796486+550022]
Ordinal0 [0x00799E01+564737]
Ordinal0 [0x00799C23+564259]
Ordinal0 [0x00799A17+563735]
Ordinal0 [0x007A7FD0+622544]
Ordinal0 [0x00746B2D+224045]
Ordinal0 [0x00745BFC+220156]
Ordinal0 [0x0074181B+202779]
Ordinal0 [0x00723D74+81268]
Ordinal0 [0x00724D6E+85358]
Ordinal0 [0x00724CF9+85241]
Ordinal0 [0x00936F2C+2256684]
GetHandleVerifier [0x00BC2FAC+1478332]
GetHandleVerifier [0x00BC2AFD+1477133]
GetHandleVerifier [0x00BCAAD8+1509864]
GetHandleVerifier [0x00BC369E+1480110]
Ordinal0 [0x0092D6BD+2217661]
Ordinal0 [0x009389AB+2263467]
Ordinal0 [0x00938AEF+2263791]
Ordinal0 [0x0094D363+2347875]
BaseThreadInitThunk [0x756C6359+25]
RtlGetAppContainerNamedObjectPath [0x76F98944+228]
RtlGetAppContainerNamedObjectPath [0x76F98914+180]
]]>
            </message>
            <full-stacktrace>
              <![CDATA[org.openqa.selenium.SessionNotCreatedException: session not created
from timeout: Timed out receiving message from renderer: 600.000
  (Session info: chrome=87.0.4280.141)
Build info: version: '3.141.59', revision: 'e82be7d358', time: '2018-11-14T08:17:03'
System info: host: 'DESKTOP-F0URKIS', ip: '192.168.56.1', os.name: 'Windows 10', os.arch: 'amd64', os.version: '10.0', java.version: '11.0.8'
Driver info: driver.version: ChromeDriver
remote stacktrace: Backtrace:
Ordinal0 [0x00A3ECE3+3337443]
Ordinal0 [0x0091F041+2158657]
Ordinal0 [0x007A6FA8+618408]
Ordinal0 [0x0079AE8F+568975]
Ordinal0 [0x0079A131+565553]
Ordinal0 [0x0079A525+566565]
Ordinal0 [0x00799E45+564805]
Ordinal0 [0x007A35C1+603585]
Ordinal0 [0x00799E01+564737]
Ordinal0 [0x0079ABB2+568242]
Ordinal0 [0x0079A131+565553]
Ordinal0 [0x0079A525+566565]
Ordinal0 [0x00799E45+564805]
Ordinal0 [0x007A1A3C+596540]
Ordinal0 [0x00799E01+564737]
Ordinal0 [0x0079ABB2+568242]
Ordinal0 [0x0079A131+565553]
Ordinal0 [0x0079A525+566565]
Ordinal0 [0x00799E45+564805]
Ordinal0 [0x0079FB72+588658]
Ordinal0 [0x00799E01+564737]
Ordinal0 [0x0079ABB2+568242]
Ordinal0 [0x0079A131+565553]
Ordinal0 [0x0079A525+566565]
Ordinal0 [0x00799E45+564805]
Ordinal0 [0x0079ED85+585093]
Ordinal0 [0x00799E01+564737]
Ordinal0 [0x0079ABB2+568242]
Ordinal0 [0x0079A131+565553]
Ordinal0 [0x0079A525+566565]
Ordinal0 [0x00799E45+564805]
Ordinal0 [0x00796486+550022]
Ordinal0 [0x00799E01+564737]
Ordinal0 [0x00799C23+564259]
Ordinal0 [0x00799A17+563735]
Ordinal0 [0x007A7FD0+622544]
Ordinal0 [0x00746B2D+224045]
Ordinal0 [0x00745BFC+220156]
Ordinal0 [0x0074181B+202779]
Ordinal0 [0x00723D74+81268]
Ordinal0 [0x00724D6E+85358]
Ordinal0 [0x00724CF9+85241]
Ordinal0 [0x00936F2C+2256684]
GetHandleVerifier [0x00BC2FAC+1478332]
GetHandleVerifier [0x00BC2AFD+1477133]
GetHandleVerifier [0x00BCAAD8+1509864]
GetHandleVerifier [0x00BC369E+1480110]
Ordinal0 [0x0092D6BD+2217661]
Ordinal0 [0x009389AB+2263467]
Ordinal0 [0x00938AEF+2263791]
Ordinal0 [0x0094D363+2347875]
BaseThreadInitThunk [0x756C6359+25]
RtlGetAppContainerNamedObjectPath [0x76F98944+228]
RtlGetAppContainerNamedObjectPath [0x76F98914+180]

at java.base/jdk.internal.reflect.NativeConstructorAccessorImpl.newInstance0(Native Method)
at java.base/jdk.internal.reflect.NativeConstructorAccessorImpl.newInstance(NativeConstructorAccessorImpl.java:62)
at java.base/jdk.internal.reflect.DelegatingConstructorAccessorImpl.newInstance(DelegatingConstructorAccessorImpl.java:45)
at java.base/java.lang.reflect.Constructor.newInstance(Constructor.java:490)
at org.openqa.selenium.remote.W3CHandshakeResponse.lambda$errorHandler$0(W3CHandshakeResponse.java:62)
at org.openqa.selenium.remote.HandshakeResponse.lambda$getResponseFunction$0(HandshakeResponse.java:30)
at org.openqa.selenium.remote.ProtocolHandshake.lambda$createSession$0(ProtocolHandshake.java:126)
at java.base/java.util.stream.ReferencePipeline$3$1.accept(ReferencePipeline.java:195)
at java.base/java.util.Spliterators$ArraySpliterator.tryAdvance(Spliterators.java:958)
at java.base/java.util.stream.ReferencePipeline.forEachWithCancel(ReferencePipeline.java:127)
at java.base/java.util.stream.AbstractPipeline.copyIntoWithCancel(AbstractPipeline.java:502)
at java.base/java.util.stream.AbstractPipeline.copyInto(AbstractPipeline.java:488)
at java.base/java.util.stream.AbstractPipeline.wrapAndCopyInto(AbstractPipeline.java:474)
at java.base/java.util.stream.FindOps$FindOp.evaluateSequential(FindOps.java:150)
at java.base/java.util.stream.AbstractPipeline.evaluate(AbstractPipeline.java:234)
at java.base/java.util.stream.ReferencePipeline.findFirst(ReferencePipeline.java:543)
at org.openqa.selenium.remote.ProtocolHandshake.createSession(ProtocolHandshake.java:128)
at org.openqa.selenium.remote.ProtocolHandshake.createSession(ProtocolHandshake.java:74)
at org.openqa.selenium.remote.HttpCommandExecutor.execute(HttpCommandExecutor.java:136)
at org.openqa.selenium.remote.service.DriverCommandExecutor.execute(DriverCommandExecutor.java:83)
at org.openqa.selenium.remote.RemoteWebDriver.execute(RemoteWebDriver.java:552)
at org.openqa.selenium.remote.RemoteWebDriver.startSession(RemoteWebDriver.java:213)
at org.openqa.selenium.remote.RemoteWebDriver.<init>(RemoteWebDriver.java:131)
at org.openqa.selenium.chrome.ChromeDriver.<init>(ChromeDriver.java:181)
at org.openqa.selenium.chrome.ChromeDriver.<init>(ChromeDriver.java:168)
at org.openqa.selenium.chrome.ChromeDriver.<init>(ChromeDriver.java:123)
at com.romanceabroad.ui.BaseUI.setup(BaseUI.java:43)
at java.base/jdk.internal.reflect.NativeMethodAccessorImpl.invoke0(Native Method)
at java.base/jdk.internal.reflect.NativeMethodAccessorImpl.invoke(NativeMethodAccessorImpl.java:62)
at java.base/jdk.internal.reflect.DelegatingMethodAccessorImpl.invoke(DelegatingMethodAccessorImpl.java:43)
at java.base/java.lang.reflect.Method.invoke(Method.java:566)
at org.testng.internal.MethodInvocationHelper.invokeMethod(MethodInvocationHelper.java:124)
at org.testng.internal.MethodInvocationHelper.invokeMethodConsideringTimeout(MethodInvocationHelper.java:59)
at org.testng.internal.Invoker.invokeConfigurationMethod(Invoker.java:458)
at org.testng.internal.Invoker.invokeConfigurations(Invoker.java:222)
at org.testng.internal.Invoker.invokeMethod(Invoker.java:523)
at org.testng.internal.Invoker.invokeTestMethod(Invoker.java:719)
at org.testng.internal.Invoker.invokeTestMethods(Invoker.java:989)
at org.testng.internal.TestMethodWorker.invokeTestMethods(TestMethodWorker.java:125)
at org.testng.internal.TestMethodWorker.run(TestMethodWorker.java:109)
at org.testng.TestRunner.privateRun(TestRunner.java:648)
at org.testng.TestRunner.run(TestRunner.java:505)
at org.testng.SuiteRunner.runTest(SuiteRunner.java:455)
at org.testng.SuiteRunner.runSequentially(SuiteRunner.java:450)
at org.testng.SuiteRunner.privateRun(SuiteRunner.java:415)
at org.testng.SuiteRunner.run(SuiteRunner.java:364)
at org.testng.SuiteRunnerWorker.runSuite(SuiteRunnerWorker.java:52)
at org.testng.SuiteRunnerWorker.run(SuiteRunnerWorker.java:84)
at org.testng.TestNG.runSuitesSequentially(TestNG.java:1208)
at org.testng.TestNG.runSuitesLocally(TestNG.java:1137)
at org.testng.TestNG.runSuites(TestNG.java:1049)
at org.testng.TestNG.run(TestNG.java:1017)
at org.apache.maven.surefire.testng.TestNGExecutor.run(TestNGExecutor.java:283)
at org.apache.maven.surefire.testng.TestNGXmlTestSuite.execute(TestNGXmlTestSuite.java:75)
at org.apache.maven.surefire.testng.TestNGProvider.invoke(TestNGProvider.java:120)
at org.apache.maven.surefire.booter.ForkedBooter.invokeProviderInSameClassLoader(ForkedBooter.java:384)
at org.apache.maven.surefire.booter.ForkedBooter.runSuitesInProcess(ForkedBooter.java:345)
at org.apache.maven.surefire.booter.ForkedBooter.execute(ForkedBooter.java:126)
at org.apache.maven.surefire.booter.ForkedBooter.main(ForkedBooter.java:418)
]]>
            </full-stacktrace>
          </exception> <!-- org.openqa.selenium.SessionNotCreatedException -->
          <reporter-output>
          </reporter-output>
        </test-method> <!-- setup -->
        <test-method signature="testUserProfile()[pri:1, instance:com.romanceabroad.ui.UserProfileTests@6a2f6f80]" started-at="2021-01-20T18:34:46Z" name="testUserProfile" finished-at="2021-01-20T18:34:46Z" duration-ms="0" status="SKIP">
          <exception class="org.openqa.selenium.SessionNotCreatedException">
            <message>
              <![CDATA[session not created
from timeout: Timed out receiving message from renderer: 600.000
  (Session info: chrome=87.0.4280.141)
Build info: version: '3.141.59', revision: 'e82be7d358', time: '2018-11-14T08:17:03'
System info: host: 'DESKTOP-F0URKIS', ip: '192.168.56.1', os.name: 'Windows 10', os.arch: 'amd64', os.version: '10.0', java.version: '11.0.8'
Driver info: driver.version: ChromeDriver
remote stacktrace: Backtrace:
Ordinal0 [0x00A3ECE3+3337443]
Ordinal0 [0x0091F041+2158657]
Ordinal0 [0x007A6FA8+618408]
Ordinal0 [0x0079AE8F+568975]
Ordinal0 [0x0079A131+565553]
Ordinal0 [0x0079A525+566565]
Ordinal0 [0x00799E45+564805]
Ordinal0 [0x007A35C1+603585]
Ordinal0 [0x00799E01+564737]
Ordinal0 [0x0079ABB2+568242]
Ordinal0 [0x0079A131+565553]
Ordinal0 [0x0079A525+566565]
Ordinal0 [0x00799E45+564805]
Ordinal0 [0x007A1A3C+596540]
Ordinal0 [0x00799E01+564737]
Ordinal0 [0x0079ABB2+568242]
Ordinal0 [0x0079A131+565553]
Ordinal0 [0x0079A525+566565]
Ordinal0 [0x00799E45+564805]
Ordinal0 [0x0079FB72+588658]
Ordinal0 [0x00799E01+564737]
Ordinal0 [0x0079ABB2+568242]
Ordinal0 [0x0079A131+565553]
Ordinal0 [0x0079A525+566565]
Ordinal0 [0x00799E45+564805]
Ordinal0 [0x0079ED85+585093]
Ordinal0 [0x00799E01+564737]
Ordinal0 [0x0079ABB2+568242]
Ordinal0 [0x0079A131+565553]
Ordinal0 [0x0079A525+566565]
Ordinal0 [0x00799E45+564805]
Ordinal0 [0x00796486+550022]
Ordinal0 [0x00799E01+564737]
Ordinal0 [0x00799C23+564259]
Ordinal0 [0x00799A17+563735]
Ordinal0 [0x007A7FD0+622544]
Ordinal0 [0x00746B2D+224045]
Ordinal0 [0x00745BFC+220156]
Ordinal0 [0x0074181B+202779]
Ordinal0 [0x00723D74+81268]
Ordinal0 [0x00724D6E+85358]
Ordinal0 [0x00724CF9+85241]
Ordinal0 [0x00936F2C+2256684]
GetHandleVerifier [0x00BC2FAC+1478332]
GetHandleVerifier [0x00BC2AFD+1477133]
GetHandleVerifier [0x00BCAAD8+1509864]
GetHandleVerifier [0x00BC369E+1480110]
Ordinal0 [0x0092D6BD+2217661]
Ordinal0 [0x009389AB+2263467]
Ordinal0 [0x00938AEF+2263791]
Ordinal0 [0x0094D363+2347875]
BaseThreadInitThunk [0x756C6359+25]
RtlGetAppContainerNamedObjectPath [0x76F98944+228]
RtlGetAppContainerNamedObjectPath [0x76F98914+180]
]]>
            </message>
            <full-stacktrace>
              <![CDATA[org.openqa.selenium.SessionNotCreatedException: session not created
from timeout: Timed out receiving message from renderer: 600.000
  (Session info: chrome=87.0.4280.141)
Build info: version: '3.141.59', revision: 'e82be7d358', time: '2018-11-14T08:17:03'
System info: host: 'DESKTOP-F0URKIS', ip: '192.168.56.1', os.name: 'Windows 10', os.arch: 'amd64', os.version: '10.0', java.version: '11.0.8'
Driver info: driver.version: ChromeDriver
remote stacktrace: Backtrace:
Ordinal0 [0x00A3ECE3+3337443]
Ordinal0 [0x0091F041+2158657]
Ordinal0 [0x007A6FA8+618408]
Ordinal0 [0x0079AE8F+568975]
Ordinal0 [0x0079A131+565553]
Ordinal0 [0x0079A525+566565]
Ordinal0 [0x00799E45+564805]
Ordinal0 [0x007A35C1+603585]
Ordinal0 [0x00799E01+564737]
Ordinal0 [0x0079ABB2+568242]
Ordinal0 [0x0079A131+565553]
Ordinal0 [0x0079A525+566565]
Ordinal0 [0x00799E45+564805]
Ordinal0 [0x007A1A3C+596540]
Ordinal0 [0x00799E01+564737]
Ordinal0 [0x0079ABB2+568242]
Ordinal0 [0x0079A131+565553]
Ordinal0 [0x0079A525+566565]
Ordinal0 [0x00799E45+564805]
Ordinal0 [0x0079FB72+588658]
Ordinal0 [0x00799E01+564737]
Ordinal0 [0x0079ABB2+568242]
Ordinal0 [0x0079A131+565553]
Ordinal0 [0x0079A525+566565]
Ordinal0 [0x00799E45+564805]
Ordinal0 [0x0079ED85+585093]
Ordinal0 [0x00799E01+564737]
Ordinal0 [0x0079ABB2+568242]
Ordinal0 [0x0079A131+565553]
Ordinal0 [0x0079A525+566565]
Ordinal0 [0x00799E45+564805]
Ordinal0 [0x00796486+550022]
Ordinal0 [0x00799E01+564737]
Ordinal0 [0x00799C23+564259]
Ordinal0 [0x00799A17+563735]
Ordinal0 [0x007A7FD0+622544]
Ordinal0 [0x00746B2D+224045]
Ordinal0 [0x00745BFC+220156]
Ordinal0 [0x0074181B+202779]
Ordinal0 [0x00723D74+81268]
Ordinal0 [0x00724D6E+85358]
Ordinal0 [0x00724CF9+85241]
Ordinal0 [0x00936F2C+2256684]
GetHandleVerifier [0x00BC2FAC+1478332]
GetHandleVerifier [0x00BC2AFD+1477133]
GetHandleVerifier [0x00BCAAD8+1509864]
GetHandleVerifier [0x00BC369E+1480110]
Ordinal0 [0x0092D6BD+2217661]
Ordinal0 [0x009389AB+2263467]
Ordinal0 [0x00938AEF+2263791]
Ordinal0 [0x0094D363+2347875]
BaseThreadInitThunk [0x756C6359+25]
RtlGetAppContainerNamedObjectPath [0x76F98944+228]
RtlGetAppContainerNamedObjectPath [0x76F98914+180]

at java.base/jdk.internal.reflect.NativeConstructorAccessorImpl.newInstance0(Native Method)
at java.base/jdk.internal.reflect.NativeConstructorAccessorImpl.newInstance(NativeConstructorAccessorImpl.java:62)
at java.base/jdk.internal.reflect.DelegatingConstructorAccessorImpl.newInstance(DelegatingConstructorAccessorImpl.java:45)
at java.base/java.lang.reflect.Constructor.newInstance(Constructor.java:490)
at org.openqa.selenium.remote.W3CHandshakeResponse.lambda$errorHandler$0(W3CHandshakeResponse.java:62)
at org.openqa.selenium.remote.HandshakeResponse.lambda$getResponseFunction$0(HandshakeResponse.java:30)
at org.openqa.selenium.remote.ProtocolHandshake.lambda$createSession$0(ProtocolHandshake.java:126)
at java.base/java.util.stream.ReferencePipeline$3$1.accept(ReferencePipeline.java:195)
at java.base/java.util.Spliterators$ArraySpliterator.tryAdvance(Spliterators.java:958)
at java.base/java.util.stream.ReferencePipeline.forEachWithCancel(ReferencePipeline.java:127)
at java.base/java.util.stream.AbstractPipeline.copyIntoWithCancel(AbstractPipeline.java:502)
at java.base/java.util.stream.AbstractPipeline.copyInto(AbstractPipeline.java:488)
at java.base/java.util.stream.AbstractPipeline.wrapAndCopyInto(AbstractPipeline.java:474)
at java.base/java.util.stream.FindOps$FindOp.evaluateSequential(FindOps.java:150)
at java.base/java.util.stream.AbstractPipeline.evaluate(AbstractPipeline.java:234)
at java.base/java.util.stream.ReferencePipeline.findFirst(ReferencePipeline.java:543)
at org.openqa.selenium.remote.ProtocolHandshake.createSession(ProtocolHandshake.java:128)
at org.openqa.selenium.remote.ProtocolHandshake.createSession(ProtocolHandshake.java:74)
at org.openqa.selenium.remote.HttpCommandExecutor.execute(HttpCommandExecutor.java:136)
at org.openqa.selenium.remote.service.DriverCommandExecutor.execute(DriverCommandExecutor.java:83)
at org.openqa.selenium.remote.RemoteWebDriver.execute(RemoteWebDriver.java:552)
at org.openqa.selenium.remote.RemoteWebDriver.startSession(RemoteWebDriver.java:213)
at org.openqa.selenium.remote.RemoteWebDriver.<init>(RemoteWebDriver.java:131)
at org.openqa.selenium.chrome.ChromeDriver.<init>(ChromeDriver.java:181)
at org.openqa.selenium.chrome.ChromeDriver.<init>(ChromeDriver.java:168)
at org.openqa.selenium.chrome.ChromeDriver.<init>(ChromeDriver.java:123)
at com.romanceabroad.ui.BaseUI.setup(BaseUI.java:43)
at java.base/jdk.internal.reflect.NativeMethodAccessorImpl.invoke0(Native Method)
at java.base/jdk.internal.reflect.NativeMethodAccessorImpl.invoke(NativeMethodAccessorImpl.java:62)
at java.base/jdk.internal.reflect.DelegatingMethodAccessorImpl.invoke(DelegatingMethodAccessorImpl.java:43)
at java.base/java.lang.reflect.Method.invoke(Method.java:566)
at org.testng.internal.MethodInvocationHelper.invokeMethod(MethodInvocationHelper.java:124)
at org.testng.internal.MethodInvocationHelper.invokeMethodConsideringTimeout(MethodInvocationHelper.java:59)
at org.testng.internal.Invoker.invokeConfigurationMethod(Invoker.java:458)
at org.testng.internal.Invoker.invokeConfigurations(Invoker.java:222)
at org.testng.internal.Invoker.invokeMethod(Invoker.java:523)
at org.testng.internal.Invoker.invokeTestMethod(Invoker.java:719)
at org.testng.internal.Invoker.invokeTestMethods(Invoker.java:989)
at org.testng.internal.TestMethodWorker.invokeTestMethods(TestMethodWorker.java:125)
at org.testng.internal.TestMethodWorker.run(TestMethodWorker.java:109)
at org.testng.TestRunner.privateRun(TestRunner.java:648)
at org.testng.TestRunner.run(TestRunner.java:505)
at org.testng.SuiteRunner.runTest(SuiteRunner.java:455)
at org.testng.SuiteRunner.runSequentially(SuiteRunner.java:450)
at org.testng.SuiteRunner.privateRun(SuiteRunner.java:415)
at org.testng.SuiteRunner.run(SuiteRunner.java:364)
at org.testng.SuiteRunnerWorker.runSuite(SuiteRunnerWorker.java:52)
at org.testng.SuiteRunnerWorker.run(SuiteRunnerWorker.java:84)
at org.testng.TestNG.runSuitesSequentially(TestNG.java:1208)
at org.testng.TestNG.runSuitesLocally(TestNG.java:1137)
at org.testng.TestNG.runSuites(TestNG.java:1049)
at org.testng.TestNG.run(TestNG.java:1017)
at org.apache.maven.surefire.testng.TestNGExecutor.run(TestNGExecutor.java:283)
at org.apache.maven.surefire.testng.TestNGXmlTestSuite.execute(TestNGXmlTestSuite.java:75)
at org.apache.maven.surefire.testng.TestNGProvider.invoke(TestNGProvider.java:120)
at org.apache.maven.surefire.booter.ForkedBooter.invokeProviderInSameClassLoader(ForkedBooter.java:384)
at org.apache.maven.surefire.booter.ForkedBooter.runSuitesInProcess(ForkedBooter.java:345)
at org.apache.maven.surefire.booter.ForkedBooter.execute(ForkedBooter.java:126)
at org.apache.maven.surefire.booter.ForkedBooter.main(ForkedBooter.java:418)
]]>
            </full-stacktrace>
          </exception> <!-- org.openqa.selenium.SessionNotCreatedException -->
          <reporter-output>
          </reporter-output>
        </test-method> <!-- testUserProfile -->
        <test-method is-config="true" signature="afterActions(org.testng.ITestResult)[pri:0, instance:com.romanceabroad.ui.UserProfileTests@6a2f6f80]" started-at="2021-01-20T18:34:46Z" name="afterActions" finished-at="2021-01-20T18:34:46Z" duration-ms="0" status="SKIP">
          <reporter-output>
          </reporter-output>
        </test-method> <!-- afterActions -->
      </class> <!-- com.romanceabroad.ui.UserProfileTests -->
      <class name="com.romanceabroad.ui.RegistrationTests">
        <test-method is-config="true" signature="setup(java.lang.String, java.lang.reflect.Method)[pri:0, instance:com.romanceabroad.ui.RegistrationTests@75db5df9]" started-at="2021-01-20T18:21:15Z" name="setup" finished-at="2021-01-20T18:21:26Z" duration-ms="11461" status="PASS">
          <params>
            <param index="0">
              <value>
                <![CDATA[chrome]]>
              </value>
            </param>
            <param index="1">
              <value>
                <![CDATA[public void com.romanceabroad.ui.RegistrationTests.testRegistration(java.lang.String,java.lang.String,boolean)]]>
              </value>
            </param>
          </params>
          <reporter-output>
          </reporter-output>
        </test-method> <!-- setup -->
        <test-method signature="testRegistration(java.lang.String, java.lang.String, boolean)[pri:1, instance:com.romanceabroad.ui.RegistrationTests@75db5df9]" started-at="2021-01-20T18:21:26Z" name="testRegistration" data-provider="JoinToday" finished-at="2021-01-20T18:21:31Z" duration-ms="5041" status="PASS">
          <params>
            <param index="0">
              <value>
                <![CDATA[111@gmail.com]]>
              </value>
            </param>
            <param index="1">
              <value>
                <![CDATA[Tatty54517]]>
              </value>
            </param>
            <param index="2">
              <value>
                <![CDATA[true]]>
              </value>
            </param>
          </params>
          <reporter-output>
          </reporter-output>
        </test-method> <!-- testRegistration -->
        <test-method is-config="true" signature="afterActions(org.testng.ITestResult)[pri:0, instance:com.romanceabroad.ui.RegistrationTests@75db5df9]" started-at="2021-01-20T18:21:31Z" name="afterActions" finished-at="2021-01-20T18:21:32Z" duration-ms="756" status="PASS">
          <params>
            <param index="0">
              <value>
                <![CDATA[[TestResult name=testRegistration status=SUCCESS method=RegistrationTests.testRegistration(java.lang.String, java.lang.String, boolean)[pri:1, instance:com.romanceabroad.ui.RegistrationTests@75db5df9] output={null}]]]>
              </value>
            </param>
          </params>
          <reporter-output>
          </reporter-output>
        </test-method> <!-- afterActions -->
      </class> <!-- com.romanceabroad.ui.RegistrationTests -->
      <class name="com.romanceabroad.ui.ContactUsTests">
        <test-method is-config="true" signature="setup(java.lang.String, java.lang.reflect.Method)[pri:0, instance:com.romanceabroad.ui.ContactUsTests@4961f6af]" started-at="2021-01-20T18:19:29Z" name="setup" finished-at="2021-01-20T18:19:45Z" duration-ms="15714" status="PASS">
          <params>
            <param index="0">
              <value>
                <![CDATA[chrome]]>
              </value>
            </param>
            <param index="1">
              <value>
                <![CDATA[public void com.romanceabroad.ui.ContactUsTests.testContactUs(java.lang.String,java.lang.String,java.lang.String,java.lang.String,java.lang.String)]]>
              </value>
            </param>
          </params>
          <reporter-output>
          </reporter-output>
        </test-method> <!-- setup -->
        <test-method signature="testContactUs(java.lang.String, java.lang.String, java.lang.String, java.lang.String, java.lang.String)[pri:1, instance:com.romanceabroad.ui.ContactUsTests@4961f6af]" started-at="2021-01-20T18:19:45Z" name="testContactUs" data-provider="QuestionForm" finished-at="2021-01-20T18:19:53Z" duration-ms="8552" status="PASS">
          <params>
            <param index="0">
              <value>
                <![CDATA[Pre-Sales Questions]]>
              </value>
            </param>
            <param index="1">
              <value>
                <![CDATA[Carlos1111]]>
              </value>
            </param>
            <param index="2">
              <value>
                <![CDATA[Lmao@gmail.com]]>
              </value>
            </param>
            <param index="3">
              <value>
                <![CDATA[Send flowers]]>
              </value>
            </param>
            <param index="4">
              <value>
                <![CDATA[I want to send flowers]]>
              </value>
            </param>
          </params>
          <reporter-output>
          </reporter-output>
        </test-method> <!-- testContactUs -->
        <test-method is-config="true" signature="afterActions(org.testng.ITestResult)[pri:0, instance:com.romanceabroad.ui.ContactUsTests@4961f6af]" started-at="2021-01-20T18:19:53Z" name="afterActions" finished-at="2021-01-20T18:19:54Z" duration-ms="1061" status="PASS">
          <params>
            <param index="0">
              <value>
                <![CDATA[[TestResult name=testContactUs status=SUCCESS method=ContactUsTests.testContactUs(java.lang.String, java.lang.String, java.lang.String, java.lang.String, java.lang.String)[pri:1, instance:com.romanceabroad.ui.ContactUsTests@4961f6af] output={null}]]]>
              </value>
            </param>
          </params>
          <reporter-output>
          </reporter-output>
        </test-method> <!-- afterActions -->
        <test-method is-config="true" signature="setup(java.lang.String, java.lang.reflect.Method)[pri:0, instance:com.romanceabroad.ui.ContactUsTests@4961f6af]" started-at="2021-01-20T18:19:54Z" name="setup" finished-at="2021-01-20T18:20:06Z" duration-ms="11835" status="PASS">
          <params>
            <param index="0">
              <value>
                <![CDATA[chrome]]>
              </value>
            </param>
            <param index="1">
              <value>
                <![CDATA[public void com.romanceabroad.ui.ContactUsTests.testContactUs(java.lang.String,java.lang.String,java.lang.String,java.lang.String,java.lang.String)]]>
              </value>
            </param>
          </params>
          <reporter-output>
          </reporter-output>
        </test-method> <!-- setup -->
        <test-method signature="testContactUs(java.lang.String, java.lang.String, java.lang.String, java.lang.String, java.lang.String)[pri:1, instance:com.romanceabroad.ui.ContactUsTests@4961f6af]" started-at="2021-01-20T18:20:06Z" name="testContactUs" data-provider="QuestionForm" finished-at="2021-01-20T18:20:17Z" duration-ms="10877" status="PASS">
          <params>
            <param index="0">
              <value>
                <![CDATA[Technical support]]>
              </value>
            </param>
            <param index="1">
              <value>
                <![CDATA[Robert]]>
              </value>
            </param>
            <param index="2">
              <value>
                <![CDATA[0000000@yahoo.com]]>
              </value>
            </param>
            <param index="3">
              <value>
                <![CDATA[I lost my girlfriend]]>
              </value>
            </param>
            <param index="4">
              <value>
                <![CDATA[HELP!!!!!!!!!!!!!!!!!!]]>
              </value>
            </param>
          </params>
          <reporter-output>
          </reporter-output>
        </test-method> <!-- testContactUs -->
        <test-method is-config="true" signature="afterActions(org.testng.ITestResult)[pri:0, instance:com.romanceabroad.ui.ContactUsTests@4961f6af]" started-at="2021-01-20T18:20:17Z" name="afterActions" finished-at="2021-01-20T18:20:18Z" duration-ms="751" status="PASS">
          <params>
            <param index="0">
              <value>
                <![CDATA[[TestResult name=testContactUs status=SUCCESS method=ContactUsTests.testContactUs(java.lang.String, java.lang.String, java.lang.String, java.lang.String, java.lang.String)[pri:1, instance:com.romanceabroad.ui.ContactUsTests@4961f6af] output={null}]]]>
              </value>
            </param>
          </params>
          <reporter-output>
          </reporter-output>
        </test-method> <!-- afterActions -->
        <test-method is-config="true" signature="setup(java.lang.String, java.lang.reflect.Method)[pri:0, instance:com.romanceabroad.ui.ContactUsTests@4961f6af]" started-at="2021-01-20T18:20:18Z" name="setup" finished-at="2021-01-20T18:20:29Z" duration-ms="11069" status="PASS">
          <params>
            <param index="0">
              <value>
                <![CDATA[chrome]]>
              </value>
            </param>
            <param index="1">
              <value>
                <![CDATA[public void com.romanceabroad.ui.ContactUsTests.testContactUs(java.lang.String,java.lang.String,java.lang.String,java.lang.String,java.lang.String)]]>
              </value>
            </param>
          </params>
          <reporter-output>
          </reporter-output>
        </test-method> <!-- setup -->
        <test-method signature="testContactUs(java.lang.String, java.lang.String, java.lang.String, java.lang.String, java.lang.String)[pri:1, instance:com.romanceabroad.ui.ContactUsTests@4961f6af]" started-at="2021-01-20T18:20:29Z" name="testContactUs" data-provider="QuestionForm" finished-at="2021-01-20T18:20:38Z" duration-ms="9508" status="PASS">
          <params>
            <param index="0">
              <value>
                <![CDATA[Other]]>
              </value>
            </param>
            <param index="1">
              <value>
                <![CDATA[Albert]]>
              </value>
            </param>
            <param index="2">
              <value>
                <![CDATA[albert567484@htmail.com]]>
              </value>
            </param>
            <param index="3">
              <value>
                <![CDATA[Password reset]]>
              </value>
            </param>
            <param index="4">
              <value>
                <![CDATA[I forgot my password need help]]>
              </value>
            </param>
          </params>
          <reporter-output>
          </reporter-output>
        </test-method> <!-- testContactUs -->
        <test-method is-config="true" signature="afterActions(org.testng.ITestResult)[pri:0, instance:com.romanceabroad.ui.ContactUsTests@4961f6af]" started-at="2021-01-20T18:20:38Z" name="afterActions" finished-at="2021-01-20T18:20:39Z" duration-ms="720" status="PASS">
          <params>
            <param index="0">
              <value>
                <![CDATA[[TestResult name=testContactUs status=SUCCESS method=ContactUsTests.testContactUs(java.lang.String, java.lang.String, java.lang.String, java.lang.String, java.lang.String)[pri:1, instance:com.romanceabroad.ui.ContactUsTests@4961f6af] output={null}]]]>
              </value>
            </param>
          </params>
          <reporter-output>
          </reporter-output>
        </test-method> <!-- afterActions -->
      </class> <!-- com.romanceabroad.ui.ContactUsTests -->
      <class name="com.romanceabroad.ui.PhotosTests">
        <test-method is-config="true" signature="setup(java.lang.String, java.lang.reflect.Method)[pri:0, instance:com.romanceabroad.ui.PhotosTests@33c911a1]" started-at="2021-01-20T18:20:55Z" name="setup" finished-at="2021-01-20T18:21:09Z" duration-ms="13862" status="PASS">
          <params>
            <param index="0">
              <value>
                <![CDATA[chrome]]>
              </value>
            </param>
            <param index="1">
              <value>
                <![CDATA[public void com.romanceabroad.ui.PhotosTests.testPhotosLinksOnWebPage()]]>
              </value>
            </param>
          </params>
          <reporter-output>
          </reporter-output>
        </test-method> <!-- setup -->
        <test-method signature="testPhotosLinksOnWebPage()[pri:1, instance:com.romanceabroad.ui.PhotosTests@33c911a1]" started-at="2021-01-20T18:21:09Z" name="testPhotosLinksOnWebPage" finished-at="2021-01-20T18:21:14Z" duration-ms="5525" status="PASS">
          <reporter-output>
          </reporter-output>
        </test-method> <!-- testPhotosLinksOnWebPage -->
        <test-method is-config="true" signature="afterActions(org.testng.ITestResult)[pri:0, instance:com.romanceabroad.ui.PhotosTests@33c911a1]" started-at="2021-01-20T18:21:14Z" name="afterActions" finished-at="2021-01-20T18:21:15Z" duration-ms="690" status="PASS">
          <params>
            <param index="0">
              <value>
                <![CDATA[[TestResult name=testPhotosLinksOnWebPage status=SUCCESS method=PhotosTests.testPhotosLinksOnWebPage()[pri:1, instance:com.romanceabroad.ui.PhotosTests@33c911a1] output={null}]]]>
              </value>
            </param>
          </params>
          <reporter-output>
          </reporter-output>
        </test-method> <!-- afterActions -->
      </class> <!-- com.romanceabroad.ui.PhotosTests -->
      <class name="com.romanceabroad.ui.MainTests">
        <test-method is-config="true" signature="setup(java.lang.String, java.lang.reflect.Method)[pri:0, instance:com.romanceabroad.ui.MainTests@65d09a04]" started-at="2021-01-20T18:20:39Z" name="setup" finished-at="2021-01-20T18:20:54Z" duration-ms="14753" status="PASS">
          <params>
            <param index="0">
              <value>
                <![CDATA[chrome]]>
              </value>
            </param>
            <param index="1">
              <value>
                <![CDATA[public void com.romanceabroad.ui.MainTests.testSignInTest7()]]>
              </value>
            </param>
          </params>
          <reporter-output>
          </reporter-output>
        </test-method> <!-- setup -->
        <test-method signature="testSignInTest7()[pri:1, instance:com.romanceabroad.ui.MainTests@65d09a04]" started-at="2021-01-20T18:20:54Z" name="testSignInTest7" finished-at="2021-01-20T18:20:54Z" duration-ms="207" status="PASS">
          <reporter-output>
          </reporter-output>
        </test-method> <!-- testSignInTest7 -->
        <test-method is-config="true" signature="afterActions(org.testng.ITestResult)[pri:0, instance:com.romanceabroad.ui.MainTests@65d09a04]" started-at="2021-01-20T18:20:54Z" name="afterActions" finished-at="2021-01-20T18:20:55Z" duration-ms="710" status="PASS">
          <params>
            <param index="0">
              <value>
                <![CDATA[[TestResult name=testSignInTest7 status=SUCCESS method=MainTests.testSignInTest7()[pri:1, instance:com.romanceabroad.ui.MainTests@65d09a04] output={null}]]]>
              </value>
            </param>
          </params>
          <reporter-output>
          </reporter-output>
        </test-method> <!-- afterActions -->
      </class> <!-- com.romanceabroad.ui.MainTests -->
    </test> <!-- Chrome Tests Cases -->
  </suite> <!-- TestSuite -->
</testng-results>
